{"meta": {"format": 3, "version": "7.13.1", "timestamp": "2026-07-29T22:40:32.839139", "branch_coverage": true, "show_contexts": false}, "files": {"src\\secure_transcribe\\__init__.py": {"executed_lines": [3], "summary": {"covered_lines": 1, "num_statements": 1, "percent_covered": 100.0, "percent_covered_display": "100", "missing_lines": 0, "excluded_lines": 0, "percent_statements_covered": 100.0, "percent_statements_covered_display": "100", "num_branches": 0, "num_partial_branches": 0, "covered_branches": 0, "missing_branches": 0, "percent_branches_covered": 100.0, "percent_branches_covered_display": "100"}, "missing_lines": [], "excluded_lines": [], "executed_branches": [], "missing_branches": [], "functions": {"": {"executed_lines": [3], "summary": {"covered_lines": 1, "num_statements": 1, "percent_covered": 100.0, "percent_covered_display": "100", "missing_lines": 0, "excluded_lines": 0, "percent_statements_covered": 100.0, "percent_statements_covered_display": "100", "num_branches": 0, "num_partial_branches": 0, "covered_branches": 0, "missing_branches": 0, "percent_branches_covered": 100.0, "percent_branches_covered_display": "100"}, "missing_lines": [], "excluded_lines": [], "start_line": 1, "executed_branches": [], "missing_branches": []}}, "classes": {"": {"executed_lines": [3], "summary": {"covered_lines": 1, "num_statements": 1, "percent_covered": 100.0, "percent_covered_display": "100", "missing_lines": 0, "excluded_lines": 0, "percent_statements_covered": 100.0, "percent_statements_covered_display": "100", "num_branches": 0, "num_partial_branches": 0, "covered_branches": 0, "missing_branches": 0, "percent_branches_covered": 100.0, "percent_branches_covered_display": "100"}, "missing_lines": [], "excluded_lines": [], "start_line": 1, "executed_branches": [], "missing_branches": []}}}, "src\\secure_transcribe\\__main__.py": {"executed_lines": [], "summary": {"covered_lines": 0, "num_statements": 3, "percent_covered": 0.0, "percent_covered_display": "0", "missing_lines": 3, "excluded_lines": 0, "percent_statements_covered": 0.0, "percent_statements_covered_display": "0", "num_branches": 2, "num_partial_branches": 0, "covered_branches": 0, "missing_branches": 2, "percent_branches_covered": 0.0, "percent_branches_covered_display": "0"}, "missing_lines": [1, 3, 4], "excluded_lines": [], "executed_branches": [], "missing_branches": [[3, -1], [3, 4]], "functions": {"": {"executed_lines": [], "summary": {"covered_lines": 0, "num_statements": 3, "percent_covered": 0.0, "percent_covered_display": "0", "missing_lines": 3, "excluded_lines": 0, "percent_statements_covered": 0.0, "percent_statements_covered_display": "0", "num_branches": 2, "num_partial_branches": 0, "covered_branches": 0, "missing_branches": 2, "percent_branches_covered": 0.0, "percent_branches_covered_display": "0"}, "missing_lines": [1, 3, 4], "excluded_lines": [], "start_line": 1, "executed_branches": [], "missing_branches": [[3, -1], [3, 4]]}}, "classes": {"": {"executed_lines": [], "summary": {"covered_lines": 0, "num_statements": 3, "percent_covered": 0.0, "percent_covered_display": "0", "missing_lines": 3, "excluded_lines": 0, "percent_statements_covered": 0.0, "percent_statements_covered_display": "0", "num_branches": 2, "num_partial_branches": 0, "covered_branches": 0, "missing_branches": 2, "percent_branches_covered": 0.0, "percent_branches_covered_display": "0"}, "missing_lines": [1, 3, 4], "excluded_lines": [], "start_line": 1, "executed_branches": [], "missing_branches": [[3, -1], [3, 4]]}}}, "src\\secure_transcribe\\analysis.py": {"executed_lines": [1, 3, 4, 5, 7, 9, 10, 13, 60, 61, 62, 63, 65, 66, 67, 68, 70, 73, 75, 78, 87, 92, 97, 98], "summary": {"covered_lines": 24, "num_statements": 25, "percent_covered": 93.10344827586206, "percent_covered_display": "93", "missing_lines": 1, "excluded_lines": 0, "percent_statements_covered": 96.0, "percent_statements_covered_display": "96", "num_branches": 4, "num_partial_branches": 1, "covered_branches": 3, "missing_branches": 1, "percent_branches_covered": 75.0, "percent_branches_covered_display": "75"}, "missing_lines": [69], "excluded_lines": [], "executed_branches": [[66, 67], [66, 75], [68, 70]], "missing_branches": [[68, 69]], "functions": {"analyze_transcript": {"executed_lines": [61, 62, 63, 65, 66, 67, 68, 70, 73, 75, 78, 87, 92, 97, 98], "summary": {"covered_lines": 15, "num_statements": 16, "percent_covered": 90.0, "percent_covered_display": "90", "missing_lines": 1, "excluded_lines": 0, "percent_statements_covered": 93.75, "percent_statements_covered_display": "94", "num_branches": 4, "num_partial_branches": 1, "covered_branches": 3, "missing_branches": 1, "percent_branches_covered": 75.0, "percent_branches_covered_display": "75"}, "missing_lines": [69], "excluded_lines": [], "start_line": 60, "executed_branches": [[66, 67], [66, 75], [68, 70]], "missing_branches": [[68, 69]]}, "": {"executed_lines": [1, 3, 4, 5, 7, 9, 10, 13, 60], "summary": {"covered_lines": 9, "num_statements": 9, "percent_covered": 100.0, "percent_covered_display": "100", "missing_lines": 0, "excluded_lines": 0, "percent_statements_covered": 100.0, "percent_statements_covered_display": "100", "num_branches": 0, "num_partial_branches": 0, "covered_branches": 0, "missing_branches": 0, "percent_branches_covered": 100.0, "percent_branches_covered_display": "100"}, "missing_lines": [], "excluded_lines": [], "start_line": 1, "executed_branches": [], "missing_branches": []}}, "classes": {"": {"executed_lines": [1, 3, 4, 5, 7, 9, 10, 13, 60, 61, 62, 63, 65, 66, 67, 68, 70, 73, 75, 78, 87, 92, 97, 98], "summary": {"covered_lines": 24, "num_statements": 25, "percent_covered": 93.10344827586206, "percent_covered_display": "93", "missing_lines": 1, "excluded_lines": 0, "percent_statements_covered": 96.0, "percent_statements_covered_display": "96", "num_branches": 4, "num_partial_branches": 1, "covered_branches": 3, "missing_branches": 1, "percent_branches_covered": 75.0, "percent_branches_covered_display": "75"}, "missing_lines": [69], "excluded_lines": [], "start_line": 1, "executed_branches": [[66, 67], [66, 75], [68, 70]], "missing_branches": [[68, 69]]}}}, "src\\secure_transcribe\\app.py": {"executed_lines": [1, 3, 4, 5, 6, 7, 9, 10, 11, 12, 13, 15, 16, 17, 18, 19, 20, 21, 22, 23, 24, 26, 27, 28, 31, 32, 33, 34, 47, 48, 49, 50, 51, 52, 53, 54, 55, 56, 57, 58, 59, 60, 61, 62, 63, 67, 69, 71, 72, 73, 74, 75, 76, 78, 79, 80, 81, 83, 85, 86, 87, 96, 99, 107, 110, 117, 118, 119, 120, 121, 124, 129, 130, 133, 137, 139, 140, 141, 142, 143, 144, 145, 146, 147, 149, 150, 151, 152, 154, 162, 166, 171, 172, 173, 174, 175, 176, 177, 179, 180, 181, 182, 187, 190, 191, 192, 193, 194, 195, 196, 197, 198, 200, 201, 202, 207, 208, 209, 219, 220, 221, 225, 226, 227, 244, 245, 259, 260, 261, 263, 264, 273, 280, 281, 287, 292, 293, 294, 299, 300, 301, 302, 303, 304, 309, 315, 316, 317, 326, 328, 329, 330, 332, 333, 334, 336, 337, 338, 339, 343, 347, 348, 354, 356, 357, 358, 359, 361, 362, 367, 368, 372, 376, 377, 378, 383, 384, 385, 386, 387, 388, 389, 395, 396, 398, 403, 404, 405, 407, 408, 409, 411, 412, 413, 414, 416, 417, 421, 422, 436, 437, 438, 439, 442, 443, 444, 446, 447, 448, 449, 450, 455, 456, 461, 462, 464, 466, 467, 468, 470], "summary": {"covered_lines": 220, "num_statements": 246, "percent_covered": 87.75510204081633, "percent_covered_display": "88", "missing_lines": 26, "excluded_lines": 7, "percent_statements_covered": 89.4308943089431, "percent_statements_covered_display": "89", "num_branches": 48, "num_partial_branches": 8, "covered_branches": 38, "missing_branches": 10, "percent_branches_covered": 79.16666666666667, "percent_branches_covered_display": "79"}, "missing_lines": [64, 65, 66, 82, 246, 247, 248, 249, 250, 268, 274, 282, 344, 373, 390, 397, 399, 400, 401, 418, 419, 423, 424, 425, 426, 429], "excluded_lines": [100, 101, 102, 103, 104, 105, 106], "executed_branches": [[48, 49], [48, 51], [52, 53], [52, 55], [58, 59], [58, 67], [61, 62], [61, 67], [72, 73], [74, 75], [74, 76], [81, 83], [196, 197], [196, 198], [220, -219], [220, 221], [264, 273], [273, -263], [293, 294], [293, 299], [301, 302], [301, 309], [303, 301], [303, 304], [338, 339], [338, 343], [343, 347], [367, 368], [367, 372], [372, 376], [387, 388], [387, 396], [389, 395], [396, 398], [449, 450], [449, 455], [455, 456], [455, 461]], "missing_branches": [[72, 76], [81, 82], [264, 268], [273, 274], [343, 344], [372, 373], [389, 390], [396, 397], [425, 426], [425, 429]], "functions": {"RequestBodyLimitMiddleware.__init__": {"executed_lines": [33, 34], "summary": {"covered_lines": 2, "num_statements": 2, "percent_covered": 100.0, "percent_covered_display": "100", "missing_lines": 0, "excluded_lines": 0, "percent_statements_covered": 100.0, "percent_statements_covered_display": "100", "num_branches": 0, "num_partial_branches": 0, "covered_branches": 0, "missing_branches": 0, "percent_branches_covered": 100.0, "percent_branches_covered_display": "100"}, "missing_lines": [], "excluded_lines": [], "start_line": 32, "executed_branches": [], "missing_branches": []}, "RequestBodyLimitMiddleware.__call__": {"executed_lines": [48, 49, 50, 51, 52, 53, 54, 55, 56, 57, 58, 59, 60, 61, 62, 63, 67, 69, 78, 79, 80, 81, 83], "summary": {"covered_lines": 23, "num_statements": 27, "percent_covered": 86.48648648648648, "percent_covered_display": "86", "missing_lines": 4, "excluded_lines": 0, "percent_statements_covered": 85.18518518518519, "percent_statements_covered_display": "85", "num_branches": 10, "num_partial_branches": 1, "covered_branches": 9, "missing_branches": 1, "percent_branches_covered": 90.0, "percent_branches_covered_display": "90"}, "missing_lines": [64, 65, 66, 82], "excluded_lines": [], "start_line": 47, "executed_branches": [[48, 49], [48, 51], [52, 53], [52, 55], [58, 59], [58, 67], [61, 62], [61, 67], [81, 83]], "missing_branches": [[81, 82]]}, "RequestBodyLimitMiddleware.__call__.limited_receive": {"executed_lines": [71, 72, 73, 74, 75, 76], "summary": {"covered_lines": 6, "num_statements": 6, "percent_covered": 90.0, "percent_covered_display": "90", "missing_lines": 0, "excluded_lines": 0, "percent_statements_covered": 100.0, "percent_statements_covered_display": "100", "num_branches": 4, "num_partial_branches": 1, "covered_branches": 3, "missing_branches": 1, "percent_branches_covered": 75.0, "percent_branches_covered_display": "75"}, "missing_lines": [], "excluded_lines": [], "start_line": 69, "executed_branches": [[72, 73], [74, 75], [74, 76]], "missing_branches": [[72, 76]]}, "RequestBodyLimitMiddleware._reject": {"executed_lines": [87, 96], "summary": {"covered_lines": 2, "num_statements": 2, "percent_covered": 100.0, "percent_covered_display": "100", "missing_lines": 0, "excluded_lines": 0, "percent_statements_covered": 100.0, "percent_statements_covered_display": "100", "num_branches": 0, "num_partial_branches": 0, "covered_branches": 0, "missing_branches": 0, "percent_branches_covered": 100.0, "percent_branches_covered_display": "100"}, "missing_lines": [], "excluded_lines": [], "start_line": 86, "executed_branches": [], "missing_branches": []}, "Processor.submit": {"executed_lines": [], "summary": {"covered_lines": 0, "num_statements": 0, "percent_covered": 100.0, "percent_covered_display": "100", "missing_lines": 0, "excluded_lines": 1, "percent_statements_covered": 100.0, "percent_statements_covered_display": "100", "num_branches": 0, "num_partial_branches": 0, "covered_branches": 0, "missing_branches": 0, "percent_branches_covered": 100.0, "percent_branches_covered_display": "100"}, "missing_lines": [], "excluded_lines": [100], "start_line": 100, "executed_branches": [], "missing_branches": []}, "Processor.shutdown": {"executed_lines": [], "summary": {"covered_lines": 0, "num_statements": 0, "percent_covered": 100.0, "percent_covered_display": "100", "missing_lines": 0, "excluded_lines": 1, "percent_statements_covered": 100.0, "percent_statements_covered_display": "100", "num_branches": 0, "num_partial_branches": 0, "covered_branches": 0, "missing_branches": 0, "percent_branches_covered": 100.0, "percent_branches_covered_display": "100"}, "missing_lines": [], "excluded_lines": [102], "start_line": 102, "executed_branches": [], "missing_branches": []}, "Processor.cancel": {"executed_lines": [], "summary": {"covered_lines": 0, "num_statements": 0, "percent_covered": 100.0, "percent_covered_display": "100", "missing_lines": 0, "excluded_lines": 1, "percent_statements_covered": 100.0, "percent_statements_covered_display": "100", "num_branches": 0, "num_partial_branches": 0, "covered_branches": 0, "missing_branches": 0, "percent_branches_covered": 100.0, "percent_branches_covered_display": "100"}, "missing_lines": [], "excluded_lines": [104], "start_line": 104, "executed_branches": [], "missing_branches": []}, "create_app": {"executed_lines": [117, 118, 119, 120, 121, 124, 129, 130, 133, 137, 139, 140, 154, 162, 166, 171, 172, 173, 174, 175, 176, 177, 179, 180, 200, 201, 207, 208, 219, 225, 226, 244, 245, 259, 260, 263, 280, 281, 287, 292, 328, 329, 332, 333, 336, 337, 356, 357, 361, 362, 407, 408, 411, 412, 416, 417, 421, 422, 436, 437, 446, 447, 464, 466, 467, 470], "summary": {"covered_lines": 66, "num_statements": 66, "percent_covered": 100.0, "percent_covered_display": "100", "missing_lines": 0, "excluded_lines": 0, "percent_statements_covered": 100.0, "percent_statements_covered_display": "100", "num_branches": 0, "num_partial_branches": 0, "covered_branches": 0, "missing_branches": 0, "percent_branches_covered": 100.0, "percent_branches_covered_display": "100"}, "missing_lines": [], "excluded_lines": [], "start_line": 110, "executed_branches": [], "missing_branches": []}, "create_app.lifespan": {"executed_lines": [141, 142, 143, 144, 145, 146, 147, 149, 150, 151, 152], "summary": {"covered_lines": 11, "num_statements": 11, "percent_covered": 100.0, "percent_covered_display": "100", "missing_lines": 0, "excluded_lines": 0, "percent_statements_covered": 100.0, "percent_statements_covered_display": "100", "num_branches": 0, "num_partial_branches": 0, "covered_branches": 0, "missing_branches": 0, "percent_branches_covered": 100.0, "percent_branches_covered_display": "100"}, "missing_lines": [], "excluded_lines": [], "start_line": 140, "executed_branches": [], "missing_branches": []}, "create_app.security_headers": {"executed_lines": [181, 182, 187, 190, 191, 192, 193, 194, 195, 196, 197, 198], "summary": {"covered_lines": 12, "num_statements": 12, "percent_covered": 100.0, "percent_covered_display": "100", "missing_lines": 0, "excluded_lines": 0, "percent_statements_covered": 100.0, "percent_statements_covered_display": "100", "num_branches": 2, "num_partial_branches": 0, "covered_branches": 2, "missing_branches": 0, "percent_branches_covered": 100.0, "percent_branches_covered_display": "100"}, "missing_lines": [], "excluded_lines": [], "start_line": 180, "executed_branches": [[196, 197], [196, 198]], "missing_branches": []}, "create_app.studio_error_handler": {"executed_lines": [202], "summary": {"covered_lines": 1, "num_statements": 1, "percent_covered": 100.0, "percent_covered_display": "100", "missing_lines": 0, "excluded_lines": 0, "percent_statements_covered": 100.0, "percent_statements_covered_display": "100", "num_branches": 0, "num_partial_branches": 0, "covered_branches": 0, "missing_branches": 0, "percent_branches_covered": 100.0, "percent_branches_covered_display": "100"}, "missing_lines": [], "excluded_lines": [], "start_line": 201, "executed_branches": [], "missing_branches": []}, "create_app.request_validation_error_handler": {"executed_lines": [209], "summary": {"covered_lines": 1, "num_statements": 1, "percent_covered": 100.0, "percent_covered_display": "100", "missing_lines": 0, "excluded_lines": 0, "percent_statements_covered": 100.0, "percent_statements_covered_display": "100", "num_branches": 0, "num_partial_branches": 0, "covered_branches": 0, "missing_branches": 0, "percent_branches_covered": 100.0, "percent_branches_covered_display": "100"}, "missing_lines": [], "excluded_lines": [], "start_line": 208, "executed_branches": [], "missing_branches": []}, "create_app.require_csrf": {"executed_lines": [220, 221], "summary": {"covered_lines": 2, "num_statements": 2, "percent_covered": 100.0, "percent_covered_display": "100", "missing_lines": 0, "excluded_lines": 0, "percent_statements_covered": 100.0, "percent_statements_covered_display": "100", "num_branches": 2, "num_partial_branches": 0, "covered_branches": 2, "missing_branches": 0, "percent_branches_covered": 100.0, "percent_branches_covered_display": "100"}, "missing_lines": [], "excluded_lines": [], "start_line": 219, "executed_branches": [[220, -219], [220, 221]], "missing_branches": []}, "create_app.session": {"executed_lines": [227], "summary": {"covered_lines": 1, "num_statements": 1, "percent_covered": 100.0, "percent_covered_display": "100", "missing_lines": 0, "excluded_lines": 0, "percent_statements_covered": 100.0, "percent_statements_covered_display": "100", "num_branches": 0, "num_partial_branches": 0, "covered_branches": 0, "missing_branches": 0, "percent_branches_covered": 100.0, "percent_branches_covered_display": "100"}, "missing_lines": [], "excluded_lines": [], "start_line": 226, "executed_branches": [], "missing_branches": []}, "create_app.health": {"executed_lines": [], "summary": {"covered_lines": 0, "num_statements": 5, "percent_covered": 0.0, "percent_covered_display": "0", "missing_lines": 5, "excluded_lines": 0, "percent_statements_covered": 0.0, "percent_statements_covered_display": "0", "num_branches": 0, "num_partial_branches": 0, "covered_branches": 0, "missing_branches": 0, "percent_branches_covered": 100.0, "percent_branches_covered_display": "100"}, "missing_lines": [246, 247, 248, 249, 250], "excluded_lines": [], "start_line": 245, "executed_branches": [], "missing_branches": []}, "create_app.list_jobs": {"executed_lines": [261], "summary": {"covered_lines": 1, "num_statements": 1, "percent_covered": 100.0, "percent_covered_display": "100", "missing_lines": 0, "excluded_lines": 0, "percent_statements_covered": 100.0, "percent_statements_covered_display": "100", "num_branches": 0, "num_partial_branches": 0, "covered_branches": 0, "missing_branches": 0, "percent_branches_covered": 100.0, "percent_branches_covered_display": "100"}, "missing_lines": [], "excluded_lines": [], "start_line": 260, "executed_branches": [], "missing_branches": []}, "create_app.require_processing_ready": {"executed_lines": [264, 273], "summary": {"covered_lines": 2, "num_statements": 4, "percent_covered": 50.0, "percent_covered_display": "50", "missing_lines": 2, "excluded_lines": 0, "percent_statements_covered": 50.0, "percent_statements_covered_display": "50", "num_branches": 4, "num_partial_branches": 2, "covered_branches": 2, "missing_branches": 2, "percent_branches_covered": 50.0, "percent_branches_covered_display": "50"}, "missing_lines": [268, 274], "excluded_lines": [], "start_line": 263, "executed_branches": [[264, 273], [273, -263]], "missing_branches": [[264, 268], [273, 274]]}, "create_app.list_batch_folders": {"executed_lines": [], "summary": {"covered_lines": 0, "num_statements": 1, "percent_covered": 0.0, "percent_covered_display": "0", "missing_lines": 1, "excluded_lines": 0, "percent_statements_covered": 0.0, "percent_statements_covered_display": "0", "num_branches": 0, "num_partial_branches": 0, "covered_branches": 0, "missing_branches": 0, "percent_branches_covered": 100.0, "percent_branches_covered_display": "100"}, "missing_lines": [282], "excluded_lines": [], "start_line": 281, "executed_branches": [], "missing_branches": []}, "create_app.preview_import_plan": {"executed_lines": [293, 294, 299, 300, 301, 302, 303, 304, 309, 315, 316, 317, 326], "summary": {"covered_lines": 13, "num_statements": 13, "percent_covered": 100.0, "percent_covered_display": "100", "missing_lines": 0, "excluded_lines": 0, "percent_statements_covered": 100.0, "percent_statements_covered_display": "100", "num_branches": 6, "num_partial_branches": 0, "covered_branches": 6, "missing_branches": 0, "percent_branches_covered": 100.0, "percent_branches_covered_display": "100"}, "missing_lines": [], "excluded_lines": [], "start_line": 292, "executed_branches": [[293, 294], [293, 299], [301, 302], [301, 309], [303, 301], [303, 304]], "missing_branches": []}, "create_app.list_batches": {"executed_lines": [330], "summary": {"covered_lines": 1, "num_statements": 1, "percent_covered": 100.0, "percent_covered_display": "100", "missing_lines": 0, "excluded_lines": 0, "percent_statements_covered": 100.0, "percent_statements_covered_display": "100", "num_branches": 0, "num_partial_branches": 0, "covered_branches": 0, "missing_branches": 0, "percent_branches_covered": 100.0, "percent_branches_covered_display": "100"}, "missing_lines": [], "excluded_lines": [], "start_line": 329, "executed_branches": [], "missing_branches": []}, "create_app.get_batch": {"executed_lines": [334], "summary": {"covered_lines": 1, "num_statements": 1, "percent_covered": 100.0, "percent_covered_display": "100", "missing_lines": 0, "excluded_lines": 0, "percent_statements_covered": 100.0, "percent_statements_covered_display": "100", "num_branches": 0, "num_partial_branches": 0, "covered_branches": 0, "missing_branches": 0, "percent_branches_covered": 100.0, "percent_branches_covered_display": "100"}, "missing_lines": [], "excluded_lines": [], "start_line": 333, "executed_branches": [], "missing_branches": []}, "create_app.create_batch": {"executed_lines": [338, 339, 343, 347, 348, 354], "summary": {"covered_lines": 6, "num_statements": 7, "percent_covered": 81.81818181818181, "percent_covered_display": "82", "missing_lines": 1, "excluded_lines": 0, "percent_statements_covered": 85.71428571428571, "percent_statements_covered_display": "86", "num_branches": 4, "num_partial_branches": 1, "covered_branches": 3, "missing_branches": 1, "percent_branches_covered": 75.0, "percent_branches_covered_display": "75"}, "missing_lines": [344], "excluded_lines": [], "start_line": 337, "executed_branches": [[338, 339], [338, 343], [343, 347]], "missing_branches": [[343, 344]]}, "create_app.delete_batch": {"executed_lines": [358, 359], "summary": {"covered_lines": 2, "num_statements": 2, "percent_covered": 100.0, "percent_covered_display": "100", "missing_lines": 0, "excluded_lines": 0, "percent_statements_covered": 100.0, "percent_statements_covered_display": "100", "num_branches": 0, "num_partial_branches": 0, "covered_branches": 0, "missing_branches": 0, "percent_branches_covered": 100.0, "percent_branches_covered_display": "100"}, "missing_lines": [], "excluded_lines": [], "start_line": 357, "executed_branches": [], "missing_branches": []}, "create_app.create_job": {"executed_lines": [367, 368, 372, 376, 377, 378, 383, 384, 385, 386, 387, 388, 389, 395, 396, 398, 403, 404, 405], "summary": {"covered_lines": 19, "num_statements": 25, "percent_covered": 74.28571428571429, "percent_covered_display": "74", "missing_lines": 6, "excluded_lines": 0, "percent_statements_covered": 76.0, "percent_statements_covered_display": "76", "num_branches": 10, "num_partial_branches": 3, "covered_branches": 7, "missing_branches": 3, "percent_branches_covered": 70.0, "percent_branches_covered_display": "70"}, "missing_lines": [373, 390, 397, 399, 400, 401], "excluded_lines": [], "start_line": 362, "executed_branches": [[367, 368], [367, 372], [372, 376], [387, 388], [387, 396], [389, 395], [396, 398]], "missing_branches": [[372, 373], [389, 390], [396, 397]]}, "create_app.get_job": {"executed_lines": [409], "summary": {"covered_lines": 1, "num_statements": 1, "percent_covered": 100.0, "percent_covered_display": "100", "missing_lines": 0, "excluded_lines": 0, "percent_statements_covered": 100.0, "percent_statements_covered_display": "100", "num_branches": 0, "num_partial_branches": 0, "covered_branches": 0, "missing_branches": 0, "percent_branches_covered": 100.0, "percent_branches_covered_display": "100"}, "missing_lines": [], "excluded_lines": [], "start_line": 408, "executed_branches": [], "missing_branches": []}, "create_app.get_transcript": {"executed_lines": [413, 414], "summary": {"covered_lines": 2, "num_statements": 2, "percent_covered": 100.0, "percent_covered_display": "100", "missing_lines": 0, "excluded_lines": 0, "percent_statements_covered": 100.0, "percent_statements_covered_display": "100", "num_branches": 0, "num_partial_branches": 0, "covered_branches": 0, "missing_branches": 0, "percent_branches_covered": 100.0, "percent_branches_covered_display": "100"}, "missing_lines": [], "excluded_lines": [], "start_line": 412, "executed_branches": [], "missing_branches": []}, "create_app.get_analysis": {"executed_lines": [], "summary": {"covered_lines": 0, "num_statements": 2, "percent_covered": 0.0, "percent_covered_display": "0", "missing_lines": 2, "excluded_lines": 0, "percent_statements_covered": 0.0, "percent_statements_covered_display": "0", "num_branches": 0, "num_partial_branches": 0, "covered_branches": 0, "missing_branches": 0, "percent_branches_covered": 100.0, "percent_branches_covered_display": "100"}, "missing_lines": [418, 419], "excluded_lines": [], "start_line": 417, "executed_branches": [], "missing_branches": []}, "create_app.get_media": {"executed_lines": [], "summary": {"covered_lines": 0, "num_statements": 5, "percent_covered": 0.0, "percent_covered_display": "0", "missing_lines": 5, "excluded_lines": 0, "percent_statements_covered": 0.0, "percent_statements_covered_display": "0", "num_branches": 2, "num_partial_branches": 0, "covered_branches": 0, "missing_branches": 2, "percent_branches_covered": 0.0, "percent_branches_covered_display": "0"}, "missing_lines": [423, 424, 425, 426, 429], "excluded_lines": [], "start_line": 422, "executed_branches": [], "missing_branches": [[425, 426], [425, 429]]}, "create_app.export_job": {"executed_lines": [438, 439, 442, 443, 444], "summary": {"covered_lines": 5, "num_statements": 5, "percent_covered": 100.0, "percent_covered_display": "100", "missing_lines": 0, "excluded_lines": 0, "percent_statements_covered": 100.0, "percent_statements_covered_display": "100", "num_branches": 0, "num_partial_branches": 0, "covered_branches": 0, "missing_branches": 0, "percent_branches_covered": 100.0, "percent_branches_covered_display": "100"}, "missing_lines": [], "excluded_lines": [], "start_line": 437, "executed_branches": [], "missing_branches": []}, "create_app.delete_job": {"executed_lines": [448, 449, 450, 455, 456, 461, 462], "summary": {"covered_lines": 7, "num_statements": 7, "percent_covered": 100.0, "percent_covered_display": "100", "missing_lines": 0, "excluded_lines": 0, "percent_statements_covered": 100.0, "percent_statements_covered_display": "100", "num_branches": 4, "num_partial_branches": 0, "covered_branches": 4, "missing_branches": 0, "percent_branches_covered": 100.0, "percent_branches_covered_display": "100"}, "missing_lines": [], "excluded_lines": [], "start_line": 447, "executed_branches": [[449, 450], [449, 455], [455, 456], [455, 461]], "missing_branches": []}, "create_app.index": {"executed_lines": [468], "summary": {"covered_lines": 1, "num_statements": 1, "percent_covered": 100.0, "percent_covered_display": "100", "missing_lines": 0, "excluded_lines": 0, "percent_statements_covered": 100.0, "percent_statements_covered_display": "100", "num_branches": 0, "num_partial_branches": 0, "covered_branches": 0, "missing_branches": 0, "percent_branches_covered": 100.0, "percent_branches_covered_display": "100"}, "missing_lines": [], "excluded_lines": [], "start_line": 467, "executed_branches": [], "missing_branches": []}, "": {"executed_lines": [1, 3, 4, 5, 6, 7, 9, 10, 11, 12, 13, 15, 16, 17, 18, 19, 20, 21, 22, 23, 24, 26, 27, 28, 31, 32, 47, 85, 86, 99, 107, 110], "summary": {"covered_lines": 32, "num_statements": 32, "percent_covered": 100.0, "percent_covered_display": "100", "missing_lines": 0, "excluded_lines": 4, "percent_statements_covered": 100.0, "percent_statements_covered_display": "100", "num_branches": 0, "num_partial_branches": 0, "covered_branches": 0, "missing_branches": 0, "percent_branches_covered": 100.0, "percent_branches_covered_display": "100"}, "missing_lines": [], "excluded_lines": [101, 103, 105, 106], "start_line": 1, "executed_branches": [], "missing_branches": []}}, "classes": {"RequestBodyLimitMiddleware": {"executed_lines": [33, 34, 48, 49, 50, 51, 52, 53, 54, 55, 56, 57, 58, 59, 60, 61, 62, 63, 67, 69, 71, 72, 73, 74, 75, 76, 78, 79, 80, 81, 83, 87, 96], "summary": {"covered_lines": 33, "num_statements": 37, "percent_covered": 88.23529411764706, "percent_covered_display": "88", "missing_lines": 4, "excluded_lines": 0, "percent_statements_covered": 89.1891891891892, "percent_statements_covered_display": "89", "num_branches": 14, "num_partial_branches": 2, "covered_branches": 12, "missing_branches": 2, "percent_branches_covered": 85.71428571428571, "percent_branches_covered_display": "86"}, "missing_lines": [64, 65, 66, 82], "excluded_lines": [], "start_line": 31, "executed_branches": [[48, 49], [48, 51], [52, 53], [52, 55], [58, 59], [58, 67], [61, 62], [61, 67], [72, 73], [74, 75], [74, 76], [81, 83]], "missing_branches": [[72, 76], [81, 82]]}, "Processor": {"executed_lines": [], "summary": {"covered_lines": 0, "num_statements": 0, "percent_covered": 100.0, "percent_covered_display": "100", "missing_lines": 0, "excluded_lines": 3, "percent_statements_covered": 100.0, "percent_statements_covered_display": "100", "num_branches": 0, "num_partial_branches": 0, "covered_branches": 0, "missing_branches": 0, "percent_branches_covered": 100.0, "percent_branches_covered_display": "100"}, "missing_lines": [], "excluded_lines": [100, 102, 104], "start_line": 99, "executed_branches": [], "missing_branches": []}, "": {"executed_lines": [1, 3, 4, 5, 6, 7, 9, 10, 11, 12, 13, 15, 16, 17, 18, 19, 20, 21, 22, 23, 24, 26, 27, 28, 31, 32, 47, 85, 86, 99, 107, 110, 117, 118, 119, 120, 121, 124, 129, 130, 133, 137, 139, 140, 141, 142, 143, 144, 145, 146, 147, 149, 150, 151, 152, 154, 162, 166, 171, 172, 173, 174, 175, 176, 177, 179, 180, 181, 182, 187, 190, 191, 192, 193, 194, 195, 196, 197, 198, 200, 201, 202, 207, 208, 209, 219, 220, 221, 225, 226, 227, 244, 245, 259, 260, 261, 263, 264, 273, 280, 281, 287, 292, 293, 294, 299, 300, 301, 302, 303, 304, 309, 315, 316, 317, 326, 328, 329, 330, 332, 333, 334, 336, 337, 338, 339, 343, 347, 348, 354, 356, 357, 358, 359, 361, 362, 367, 368, 372, 376, 377, 378, 383, 384, 385, 386, 387, 388, 389, 395, 396, 398, 403, 404, 405, 407, 408, 409, 411, 412, 413, 414, 416, 417, 421, 422, 436, 437, 438, 439, 442, 443, 444, 446, 447, 448, 449, 450, 455, 456, 461, 462, 464, 466, 467, 468, 470], "summary": {"covered_lines": 187, "num_statements": 209, "percent_covered": 87.65432098765432, "percent_covered_display": "88", "missing_lines": 22, "excluded_lines": 4, "percent_statements_covered": 89.47368421052632, "percent_statements_covered_display": "89", "num_branches": 34, "num_partial_branches": 6, "covered_branches": 26, "missing_branches": 8, "percent_branches_covered": 76.47058823529412, "percent_branches_covered_display": "76"}, "missing_lines": [246, 247, 248, 249, 250, 268, 274, 282, 344, 373, 390, 397, 399, 400, 401, 418, 419, 423, 424, 425, 426, 429], "excluded_lines": [101, 103, 105, 106], "start_line": 1, "executed_branches": [[196, 197], [196, 198], [220, -219], [220, 221], [264, 273], [273, -263], [293, 294], [293, 299], [301, 302], [301, 309], [303, 301], [303, 304], [338, 339], [338, 343], [343, 347], [367, 368], [367, 372], [372, 376], [387, 388], [387, 396], [389, 395], [396, 398], [449, 450], [449, 455], [455, 456], [455, 461]], "missing_branches": [[264, 268], [273, 274], [343, 344], [372, 373], [389, 390], [396, 397], [425, 426], [425, 429]]}}}, "src\\secure_transcribe\\batch.py": {"executed_lines": [1, 3, 4, 5, 6, 7, 8, 9, 10, 11, 13, 14, 15, 16, 25, 28, 29, 30, 33, 34, 35, 36, 37, 38, 42, 43, 44, 45, 46, 51, 52, 57, 58, 59, 61, 62, 65, 74, 75, 76, 77, 78, 80, 81, 82, 85, 86, 88, 90, 91, 92, 93, 94, 95, 96, 97, 98, 100, 101, 102, 103, 104, 105, 107, 108, 109, 111, 112, 114, 115, 116, 117, 119, 120, 123, 125, 126, 127, 128, 129, 130, 131, 132, 135, 137, 138, 139, 141, 142, 144, 145, 146, 147, 151, 154, 155, 163, 164, 165, 166, 167, 168, 169, 170, 171, 172, 174, 175, 176, 177, 178, 183, 184, 185, 187, 189, 197, 198, 201, 204, 205, 210, 221, 222, 223, 224, 229, 230, 237, 240, 241, 242, 243, 244, 245, 246, 247, 248, 249, 254, 255, 256, 262, 263, 264, 265, 266, 267, 268, 269, 276, 277, 289, 295, 296, 297, 312, 320, 321, 322, 337, 344, 353, 354, 355, 356, 359, 361, 362, 363, 365, 366, 367, 368, 370, 371, 372, 373, 375, 376, 377, 378, 379, 380, 385, 386, 387, 388, 389, 390, 391, 392, 393, 401, 402, 407, 414, 416, 417, 418, 420, 425, 428, 430, 431, 432, 433, 434, 435, 436, 437, 439, 440, 441, 442, 446, 447, 448, 451, 452, 453, 454, 457, 458, 459, 460, 465, 466, 467, 468, 469, 470, 485, 486, 494, 495, 499, 506, 507, 508, 513, 515, 516, 518, 519, 520, 525, 526, 527, 528, 529, 534, 544, 545, 548, 558, 563, 588, 589, 590, 591, 595, 602, 611, 612, 625, 628, 632, 641, 650, 652, 653, 664, 665, 666, 672, 673, 674, 675, 676, 677, 678, 683, 684, 688, 689, 690], "summary": {"covered_lines": 287, "num_statements": 364, "percent_covered": 72.85714285714286, "percent_covered_display": "73", "missing_lines": 77, "excluded_lines": 0, "percent_statements_covered": 78.84615384615384, "percent_statements_covered_display": "79", "num_branches": 126, "num_partial_branches": 26, "covered_branches": 70, "missing_branches": 56, "percent_branches_covered": 55.55555555555556, "percent_branches_covered_display": "56"}, "missing_lines": [47, 53, 60, 66, 67, 68, 69, 70, 71, 83, 84, 87, 110, 118, 121, 122, 140, 148, 149, 150, 179, 186, 231, 278, 288, 298, 299, 300, 301, 311, 338, 339, 340, 341, 342, 358, 364, 394, 395, 396, 408, 419, 429, 438, 471, 472, 481, 482, 509, 510, 511, 512, 514, 536, 556, 557, 564, 565, 566, 567, 572, 573, 574, 575, 584, 585, 586, 654, 655, 656, 657, 658, 659, 660, 661, 662, 667], "excluded_lines": [], "executed_branches": [[37, 38], [37, 42], [44, 45], [44, 51], [46, 44], [52, 57], [57, 58], [57, 59], [59, 61], [86, 88], [109, 111], [116, 117], [116, 123], [117, 119], [139, 141], [147, 151], [176, 177], [176, 185], [178, 183], [183, 184], [185, 187], [204, 205], [204, 210], [221, 222], [221, 223], [223, 224], [223, 229], [230, 237], [240, 241], [243, 244], [243, 262], [245, 243], [245, 246], [248, 249], [248, 254], [255, 245], [255, 256], [266, 267], [266, 320], [268, 269], [268, 277], [277, 289], [353, 354], [353, 355], [355, 356], [363, 365], [377, 378], [377, 385], [378, 379], [378, 380], [418, 420], [428, 430], [434, 435], [434, 442], [437, 439], [452, 453], [459, 460], [459, 494], [460, 465], [460, 467], [469, 470], [506, 507], [528, 529], [528, 544], [529, 534], [653, -652], [666, 672], [673, 674], [673, 677], [674, 675]], "missing_branches": [[46, 47], [52, 53], [59, 60], [67, 68], [67, 71], [68, 69], [68, 70], [86, 87], [109, 110], [117, 118], [139, 140], [147, 148], [148, 147], [148, 149], [178, 179], [183, 176], [185, 186], [230, 231], [240, 242], [277, 278], [339, 340], [339, 342], [340, 339], [340, 341], [355, 358], [363, 364], [394, 395], [394, 396], [418, 419], [428, 429], [437, 438], [452, -446], [469, 471], [471, 472], [471, 481], [506, 509], [509, 510], [509, 512], [529, 536], [566, 567], [566, 585], [567, 572], [567, 584], [573, 574], [573, 575], [653, 654], [654, 655], [654, 656], [656, 657], [656, 662], [657, 658], [657, 659], [660, 656], [660, 661], [666, 667], [674, 673]], "functions": {"_is_link_or_junction": {"executed_lines": [29, 30], "summary": {"covered_lines": 2, "num_statements": 2, "percent_covered": 100.0, "percent_covered_display": "100", "missing_lines": 0, "excluded_lines": 0, "percent_statements_covered": 100.0, "percent_statements_covered_display": "100", "num_branches": 0, "num_partial_branches": 0, "covered_branches": 0, "missing_branches": 0, "percent_branches_covered": 100.0, "percent_branches_covered_display": "100"}, "missing_lines": [], "excluded_lines": [], "start_line": 28, "executed_branches": [], "missing_branches": []}, "resolve_workspace_folder": {"executed_lines": [34, 35, 36, 37, 38, 42, 43, 44, 45, 46, 51, 52, 57, 58, 59, 61, 62], "summary": {"covered_lines": 17, "num_statements": 20, "percent_covered": 81.25, "percent_covered_display": "81", "missing_lines": 3, "excluded_lines": 0, "percent_statements_covered": 85.0, "percent_statements_covered_display": "85", "num_branches": 12, "num_partial_branches": 3, "covered_branches": 9, "missing_branches": 3, "percent_branches_covered": 75.0, "percent_branches_covered_display": "75"}, "missing_lines": [47, 53, 60], "excluded_lines": [], "start_line": 33, "executed_branches": [[37, 38], [37, 42], [44, 45], [44, 51], [46, 44], [52, 57], [57, 58], [57, 59], [59, 61]], "missing_branches": [[46, 47], [52, 53], [59, 60]]}, "discover_workspace_folders": {"executed_lines": [], "summary": {"covered_lines": 0, "num_statements": 6, "percent_covered": 0.0, "percent_covered_display": "0", "missing_lines": 6, "excluded_lines": 0, "percent_statements_covered": 0.0, "percent_statements_covered_display": "0", "num_branches": 4, "num_partial_branches": 0, "covered_branches": 0, "missing_branches": 4, "percent_branches_covered": 0.0, "percent_branches_covered_display": "0"}, "missing_lines": [66, 67, 68, 69, 70, 71], "excluded_lines": [], "start_line": 65, "executed_branches": [], "missing_branches": [[67, 68], [67, 71], [68, 69], [68, 70]]}, "BatchStore.__init__": {"executed_lines": [76, 77, 78], "summary": {"covered_lines": 3, "num_statements": 3, "percent_covered": 100.0, "percent_covered_display": "100", "missing_lines": 0, "excluded_lines": 0, "percent_statements_covered": 100.0, "percent_statements_covered_display": "100", "num_branches": 0, "num_partial_branches": 0, "covered_branches": 0, "missing_branches": 0, "percent_branches_covered": 100.0, "percent_branches_covered_display": "100"}, "missing_lines": [], "excluded_lines": [], "start_line": 75, "executed_branches": [], "missing_branches": []}, "BatchStore._batch_dir": {"executed_lines": [81, 82, 85, 86, 88], "summary": {"covered_lines": 5, "num_statements": 8, "percent_covered": 60.0, "percent_covered_display": "60", "missing_lines": 3, "excluded_lines": 0, "percent_statements_covered": 62.5, "percent_statements_covered_display": "62", "num_branches": 2, "num_partial_branches": 1, "covered_branches": 1, "missing_branches": 1, "percent_branches_covered": 50.0, "percent_branches_covered_display": "50"}, "missing_lines": [83, 84, 87], "excluded_lines": [], "start_line": 80, "executed_branches": [[86, 88]], "missing_branches": [[86, 87]]}, "BatchStore._write_json_atomic": {"executed_lines": [92, 93, 94, 95, 96, 97, 98], "summary": {"covered_lines": 7, "num_statements": 7, "percent_covered": 100.0, "percent_covered_display": "100", "missing_lines": 0, "excluded_lines": 0, "percent_statements_covered": 100.0, "percent_statements_covered_display": "100", "num_branches": 0, "num_partial_branches": 0, "covered_branches": 0, "missing_branches": 0, "percent_branches_covered": 100.0, "percent_branches_covered_display": "100"}, "missing_lines": [], "excluded_lines": [], "start_line": 91, "executed_branches": [], "missing_branches": []}, "BatchStore.create": {"executed_lines": [101, 102, 103, 104, 105], "summary": {"covered_lines": 5, "num_statements": 5, "percent_covered": 100.0, "percent_covered_display": "100", "missing_lines": 0, "excluded_lines": 0, "percent_statements_covered": 100.0, "percent_statements_covered_display": "100", "num_branches": 0, "num_partial_branches": 0, "covered_branches": 0, "missing_branches": 0, "percent_branches_covered": 100.0, "percent_branches_covered_display": "100"}, "missing_lines": [], "excluded_lines": [], "start_line": 100, "executed_branches": [], "missing_branches": []}, "BatchStore.get": {"executed_lines": [108, 109, 111, 112], "summary": {"covered_lines": 4, "num_statements": 5, "percent_covered": 71.42857142857143, "percent_covered_display": "71", "missing_lines": 1, "excluded_lines": 0, "percent_statements_covered": 80.0, "percent_statements_covered_display": "80", "num_branches": 2, "num_partial_branches": 1, "covered_branches": 1, "missing_branches": 1, "percent_branches_covered": 50.0, "percent_branches_covered_display": "50"}, "missing_lines": [110], "excluded_lines": [], "start_line": 107, "executed_branches": [[109, 111]], "missing_branches": [[109, 110]]}, "BatchStore.list": {"executed_lines": [115, 116, 117, 119, 120, 123], "summary": {"covered_lines": 6, "num_statements": 9, "percent_covered": 69.23076923076923, "percent_covered_display": "69", "missing_lines": 3, "excluded_lines": 0, "percent_statements_covered": 66.66666666666667, "percent_statements_covered_display": "67", "num_branches": 4, "num_partial_branches": 1, "covered_branches": 3, "missing_branches": 1, "percent_branches_covered": 75.0, "percent_branches_covered_display": "75"}, "missing_lines": [118, 121, 122], "excluded_lines": [], "start_line": 114, "executed_branches": [[116, 117], [116, 123], [117, 119]], "missing_branches": [[117, 118]]}, "BatchStore.update": {"executed_lines": [126, 127, 128, 129, 130, 131, 132, 135], "summary": {"covered_lines": 8, "num_statements": 8, "percent_covered": 100.0, "percent_covered_display": "100", "missing_lines": 0, "excluded_lines": 0, "percent_statements_covered": 100.0, "percent_statements_covered_display": "100", "num_branches": 0, "num_partial_branches": 0, "covered_branches": 0, "missing_branches": 0, "percent_branches_covered": 100.0, "percent_branches_covered_display": "100"}, "missing_lines": [], "excluded_lines": [], "start_line": 125, "executed_branches": [], "missing_branches": []}, "BatchStore.delete": {"executed_lines": [138, 139, 141, 142], "summary": {"covered_lines": 4, "num_statements": 5, "percent_covered": 71.42857142857143, "percent_covered_display": "71", "missing_lines": 1, "excluded_lines": 0, "percent_statements_covered": 80.0, "percent_statements_covered_display": "80", "num_branches": 2, "num_partial_branches": 1, "covered_branches": 1, "missing_branches": 1, "percent_branches_covered": 50.0, "percent_branches_covered_display": "50"}, "missing_lines": [140], "excluded_lines": [], "start_line": 137, "executed_branches": [[139, 141]], "missing_branches": [[139, 140]]}, "BatchStore.sweep_expired": {"executed_lines": [145, 146, 147, 151], "summary": {"covered_lines": 4, "num_statements": 7, "percent_covered": 45.45454545454545, "percent_covered_display": "45", "missing_lines": 3, "excluded_lines": 0, "percent_statements_covered": 57.142857142857146, "percent_statements_covered_display": "57", "num_branches": 4, "num_partial_branches": 1, "covered_branches": 1, "missing_branches": 3, "percent_branches_covered": 25.0, "percent_branches_covered_display": "25"}, "missing_lines": [148, 149, 150], "excluded_lines": [], "start_line": 144, "executed_branches": [[147, 151]], "missing_branches": [[147, 148], [148, 147], [148, 149]]}, "BatchManager.__init__": {"executed_lines": [163, 164, 165, 166, 167, 168, 169, 170, 171, 172], "summary": {"covered_lines": 10, "num_statements": 10, "percent_covered": 100.0, "percent_covered_display": "100", "missing_lines": 0, "excluded_lines": 0, "percent_statements_covered": 100.0, "percent_statements_covered_display": "100", "num_branches": 0, "num_partial_branches": 0, "covered_branches": 0, "missing_branches": 0, "percent_branches_covered": 100.0, "percent_branches_covered_display": "100"}, "missing_lines": [], "excluded_lines": [], "start_line": 155, "executed_branches": [], "missing_branches": []}, "BatchManager._normalize_formats": {"executed_lines": [175, 176, 177, 178, 183, 184, 185, 187], "summary": {"covered_lines": 8, "num_statements": 10, "percent_covered": 72.22222222222223, "percent_covered_display": "72", "missing_lines": 2, "excluded_lines": 0, "percent_statements_covered": 80.0, "percent_statements_covered_display": "80", "num_branches": 8, "num_partial_branches": 3, "covered_branches": 5, "missing_branches": 3, "percent_branches_covered": 62.5, "percent_branches_covered_display": "62"}, "missing_lines": [179, 186], "excluded_lines": [], "start_line": 174, "executed_branches": [[176, 177], [176, 185], [178, 183], [183, 184], [185, 187]], "missing_branches": [[178, 179], [183, 176], [185, 186]]}, "BatchManager.create_batch": {"executed_lines": [197, 198, 201, 204, 205, 210, 221, 222, 223, 224, 229, 230, 237, 240, 241, 242, 243, 244, 245, 246, 247, 248, 249, 254, 255, 256, 262, 263, 264, 265, 266, 267, 268, 269, 276, 277, 289, 295, 296, 297, 312, 320, 321, 322, 337, 344, 353, 354, 355, 356, 359], "summary": {"covered_lines": 51, "num_statements": 65, "percent_covered": 77.31958762886597, "percent_covered_display": "77", "missing_lines": 14, "excluded_lines": 0, "percent_statements_covered": 78.46153846153847, "percent_statements_covered_display": "78", "num_branches": 32, "num_partial_branches": 4, "covered_branches": 24, "missing_branches": 8, "percent_branches_covered": 75.0, "percent_branches_covered_display": "75"}, "missing_lines": [231, 278, 288, 298, 299, 300, 301, 311, 338, 339, 340, 341, 342, 358], "excluded_lines": [], "start_line": 189, "executed_branches": [[204, 205], [204, 210], [221, 222], [221, 223], [223, 224], [223, 229], [230, 237], [240, 241], [243, 244], [243, 262], [245, 243], [245, 246], [248, 249], [248, 254], [255, 245], [255, 256], [266, 267], [266, 320], [268, 269], [268, 277], [277, 289], [353, 354], [353, 355], [355, 356]], "missing_branches": [[230, 231], [240, 242], [277, 278], [339, 340], [339, 342], [340, 339], [340, 341], [355, 358]]}, "BatchManager._start_monitor": {"executed_lines": [362, 363, 365, 366, 367, 368], "summary": {"covered_lines": 6, "num_statements": 7, "percent_covered": 77.77777777777777, "percent_covered_display": "78", "missing_lines": 1, "excluded_lines": 0, "percent_statements_covered": 85.71428571428571, "percent_statements_covered_display": "86", "num_branches": 2, "num_partial_branches": 1, "covered_branches": 1, "missing_branches": 1, "percent_branches_covered": 50.0, "percent_branches_covered_display": "50"}, "missing_lines": [364], "excluded_lines": [], "start_line": 361, "executed_branches": [[363, 365]], "missing_branches": [[363, 364]]}, "BatchManager._forget_monitor": {"executed_lines": [371, 372, 373], "summary": {"covered_lines": 3, "num_statements": 3, "percent_covered": 100.0, "percent_covered_display": "100", "missing_lines": 0, "excluded_lines": 0, "percent_statements_covered": 100.0, "percent_statements_covered_display": "100", "num_branches": 0, "num_partial_branches": 0, "covered_branches": 0, "missing_branches": 0, "percent_branches_covered": 100.0, "percent_branches_covered_display": "100"}, "missing_lines": [], "excluded_lines": [], "start_line": 370, "executed_branches": [], "missing_branches": []}, "BatchManager._write_output": {"executed_lines": [376, 377, 378, 379, 380, 385, 386, 387, 388, 389, 390, 391, 392, 393, 401, 402, 407, 414], "summary": {"covered_lines": 18, "num_statements": 22, "percent_covered": 78.57142857142857, "percent_covered_display": "79", "missing_lines": 4, "excluded_lines": 0, "percent_statements_covered": 81.81818181818181, "percent_statements_covered_display": "82", "num_branches": 6, "num_partial_branches": 0, "covered_branches": 4, "missing_branches": 2, "percent_branches_covered": 66.66666666666667, "percent_branches_covered_display": "67"}, "missing_lines": [394, 395, 396, 408], "excluded_lines": [], "start_line": 375, "executed_branches": [[377, 378], [377, 385], [378, 379], [378, 380]], "missing_branches": [[394, 395], [394, 396]]}, "BatchManager._item_error": {"executed_lines": [418, 420], "summary": {"covered_lines": 2, "num_statements": 3, "percent_covered": 60.0, "percent_covered_display": "60", "missing_lines": 1, "excluded_lines": 0, "percent_statements_covered": 66.66666666666667, "percent_statements_covered_display": "67", "num_branches": 2, "num_partial_branches": 1, "covered_branches": 1, "missing_branches": 1, "percent_branches_covered": 50.0, "percent_branches_covered_display": "50"}, "missing_lines": [419], "excluded_lines": [], "start_line": 417, "executed_branches": [[418, 420]], "missing_branches": [[418, 419]]}, "BatchManager._export_completed_item": {"executed_lines": [428, 430, 431, 432, 433, 434, 435, 436, 437, 439, 440, 441, 442], "summary": {"covered_lines": 13, "num_statements": 15, "percent_covered": 80.95238095238095, "percent_covered_display": "81", "missing_lines": 2, "excluded_lines": 0, "percent_statements_covered": 86.66666666666667, "percent_statements_covered_display": "87", "num_branches": 6, "num_partial_branches": 2, "covered_branches": 4, "missing_branches": 2, "percent_branches_covered": 66.66666666666667, "percent_branches_covered_display": "67"}, "missing_lines": [429, 438], "excluded_lines": [], "start_line": 425, "executed_branches": [[428, 430], [434, 435], [434, 442], [437, 439]], "missing_branches": [[428, 429], [437, 438]]}, "BatchManager._monitor": {"executed_lines": [447, 448, 451, 452, 453, 454, 457, 458, 459, 460, 465, 466, 467, 468, 469, 470, 485, 486, 494, 495, 499, 506, 507, 508, 513, 515, 516], "summary": {"covered_lines": 27, "num_statements": 36, "percent_covered": 68.0, "percent_covered_display": "68", "missing_lines": 9, "excluded_lines": 0, "percent_statements_covered": 75.0, "percent_statements_covered_display": "75", "num_branches": 14, "num_partial_branches": 3, "covered_branches": 7, "missing_branches": 7, "percent_branches_covered": 50.0, "percent_branches_covered_display": "50"}, "missing_lines": [471, 472, 481, 482, 509, 510, 511, 512, 514], "excluded_lines": [], "start_line": 446, "executed_branches": [[452, 453], [459, 460], [459, 494], [460, 465], [460, 467], [469, 470], [506, 507]], "missing_branches": [[452, -446], [469, 471], [471, 472], [471, 481], [506, 509], [509, 510], [509, 512]]}, "BatchManager._fail_batch": {"executed_lines": [519, 520, 525, 526, 527, 528, 529, 534, 544, 545, 548, 558], "summary": {"covered_lines": 12, "num_statements": 15, "percent_covered": 78.94736842105263, "percent_covered_display": "79", "missing_lines": 3, "excluded_lines": 0, "percent_statements_covered": 80.0, "percent_statements_covered_display": "80", "num_branches": 4, "num_partial_branches": 1, "covered_branches": 3, "missing_branches": 1, "percent_branches_covered": 75.0, "percent_branches_covered_display": "75"}, "missing_lines": [536, 556, 557], "excluded_lines": [], "start_line": 518, "executed_branches": [[528, 529], [528, 544], [529, 534]], "missing_branches": [[529, 536]]}, "BatchManager._timeout": {"executed_lines": [], "summary": {"covered_lines": 0, "num_statements": 11, "percent_covered": 0.0, "percent_covered_display": "0", "missing_lines": 11, "excluded_lines": 0, "percent_statements_covered": 0.0, "percent_statements_covered_display": "0", "num_branches": 6, "num_partial_branches": 0, "covered_branches": 0, "missing_branches": 6, "percent_branches_covered": 0.0, "percent_branches_covered_display": "0"}, "missing_lines": [564, 565, 566, 567, 572, 573, 574, 575, 584, 585, 586], "excluded_lines": [], "start_line": 563, "executed_branches": [], "missing_branches": [[566, 567], [566, 585], [567, 572], [567, 584], [573, 574], [573, 575]]}, "BatchManager._finalize": {"executed_lines": [589, 590, 591, 595, 602, 611, 612, 625, 628, 632, 641, 650], "summary": {"covered_lines": 12, "num_statements": 12, "percent_covered": 100.0, "percent_covered_display": "100", "missing_lines": 0, "excluded_lines": 0, "percent_statements_covered": 100.0, "percent_statements_covered_display": "100", "num_branches": 0, "num_partial_branches": 0, "covered_branches": 0, "missing_branches": 0, "percent_branches_covered": 100.0, "percent_branches_covered_display": "100"}, "missing_lines": [], "excluded_lines": [], "start_line": 588, "executed_branches": [], "missing_branches": []}, "BatchManager.resume_pending": {"executed_lines": [653], "summary": {"covered_lines": 1, "num_statements": 10, "percent_covered": 10.0, "percent_covered_display": "10", "missing_lines": 9, "excluded_lines": 0, "percent_statements_covered": 10.0, "percent_statements_covered_display": "10", "num_branches": 10, "num_partial_branches": 1, "covered_branches": 1, "missing_branches": 9, "percent_branches_covered": 10.0, "percent_branches_covered_display": "10"}, "missing_lines": [654, 655, 656, 657, 658, 659, 660, 661, 662], "excluded_lines": [], "start_line": 652, "executed_branches": [[653, -652]], "missing_branches": [[653, 654], [654, 655], [654, 656], [656, 657], [656, 662], [657, 658], [657, 659], [660, 656], [660, 661]]}, "BatchManager.delete_batch": {"executed_lines": [665, 666, 672, 673, 674, 675, 676, 677, 678], "summary": {"covered_lines": 9, "num_statements": 10, "percent_covered": 81.25, "percent_covered_display": "81", "missing_lines": 1, "excluded_lines": 0, "percent_statements_covered": 90.0, "percent_statements_covered_display": "90", "num_branches": 6, "num_partial_branches": 2, "covered_branches": 4, "missing_branches": 2, "percent_branches_covered": 66.66666666666667, "percent_branches_covered_display": "67"}, "missing_lines": [667], "excluded_lines": [], "start_line": 664, "executed_branches": [[666, 672], [673, 674], [673, 677], [674, 675]], "missing_branches": [[666, 667], [674, 673]]}, "BatchManager.owns_job": {"executed_lines": [684], "summary": {"covered_lines": 1, "num_statements": 1, "percent_covered": 100.0, "percent_covered_display": "100", "missing_lines": 0, "excluded_lines": 0, "percent_statements_covered": 100.0, "percent_statements_covered_display": "100", "num_branches": 0, "num_partial_branches": 0, "covered_branches": 0, "missing_branches": 0, "percent_branches_covered": 100.0, "percent_branches_covered_display": "100"}, "missing_lines": [], "excluded_lines": [], "start_line": 683, "executed_branches": [], "missing_branches": []}, "BatchManager.shutdown": {"executed_lines": [689, 690], "summary": {"covered_lines": 2, "num_statements": 2, "percent_covered": 100.0, "percent_covered_display": "100", "missing_lines": 0, "excluded_lines": 0, "percent_statements_covered": 100.0, "percent_statements_covered_display": "100", "num_branches": 0, "num_partial_branches": 0, "covered_branches": 0, "missing_branches": 0, "percent_branches_covered": 100.0, "percent_branches_covered_display": "100"}, "missing_lines": [], "excluded_lines": [], "start_line": 688, "executed_branches": [], "missing_branches": []}, "": {"executed_lines": [1, 3, 4, 5, 6, 7, 8, 9, 10, 11, 13, 14, 15, 16, 25, 28, 33, 65, 74, 75, 80, 90, 91, 100, 107, 114, 125, 137, 144, 154, 155, 174, 189, 361, 370, 375, 416, 417, 425, 446, 518, 563, 588, 652, 664, 683, 688], "summary": {"covered_lines": 47, "num_statements": 47, "percent_covered": 100.0, "percent_covered_display": "100", "missing_lines": 0, "excluded_lines": 0, "percent_statements_covered": 100.0, "percent_statements_covered_display": "100", "num_branches": 0, "num_partial_branches": 0, "covered_branches": 0, "missing_branches": 0, "percent_branches_covered": 100.0, "percent_branches_covered_display": "100"}, "missing_lines": [], "excluded_lines": [], "start_line": 1, "executed_branches": [], "missing_branches": []}}, "classes": {"BatchStore": {"executed_lines": [76, 77, 78, 81, 82, 85, 86, 88, 92, 93, 94, 95, 96, 97, 98, 101, 102, 103, 104, 105, 108, 109, 111, 112, 115, 116, 117, 119, 120, 123, 126, 127, 128, 129, 130, 131, 132, 135, 138, 139, 141, 142, 145, 146, 147, 151], "summary": {"covered_lines": 46, "num_statements": 57, "percent_covered": 74.64788732394366, "percent_covered_display": "75", "missing_lines": 11, "excluded_lines": 0, "percent_statements_covered": 80.70175438596492, "percent_statements_covered_display": "81", "num_branches": 14, "num_partial_branches": 5, "covered_branches": 7, "missing_branches": 7, "percent_branches_covered": 50.0, "percent_branches_covered_display": "50"}, "missing_lines": [83, 84, 87, 110, 118, 121, 122, 140, 148, 149, 150], "excluded_lines": [], "start_line": 74, "executed_branches": [[86, 88], [109, 111], [116, 117], [116, 123], [117, 119], [139, 141], [147, 151]], "missing_branches": [[86, 87], [109, 110], [117, 118], [139, 140], [147, 148], [148, 147], [148, 149]]}, "BatchManager": {"executed_lines": [163, 164, 165, 166, 167, 168, 169, 170, 171, 172, 175, 176, 177, 178, 183, 184, 185, 187, 197, 198, 201, 204, 205, 210, 221, 222, 223, 224, 229, 230, 237, 240, 241, 242, 243, 244, 245, 246, 247, 248, 249, 254, 255, 256, 262, 263, 264, 265, 266, 267, 268, 269, 276, 277, 289, 295, 296, 297, 312, 320, 321, 322, 337, 344, 353, 354, 355, 356, 359, 362, 363, 365, 366, 367, 368, 371, 372, 373, 376, 377, 378, 379, 380, 385, 386, 387, 388, 389, 390, 391, 392, 393, 401, 402, 407, 414, 418, 420, 428, 430, 431, 432, 433, 434, 435, 436, 437, 439, 440, 441, 442, 447, 448, 451, 452, 453, 454, 457, 458, 459, 460, 465, 466, 467, 468, 469, 470, 485, 486, 494, 495, 499, 506, 507, 508, 513, 515, 516, 519, 520, 525, 526, 527, 528, 529, 534, 544, 545, 548, 558, 589, 590, 591, 595, 602, 611, 612, 625, 628, 632, 641, 650, 653, 665, 666, 672, 673, 674, 675, 676, 677, 678, 684, 689, 690], "summary": {"covered_lines": 175, "num_statements": 232, "percent_covered": 69.8170731707317, "percent_covered_display": "70", "missing_lines": 57, "excluded_lines": 0, "percent_statements_covered": 75.43103448275862, "percent_statements_covered_display": "75", "num_branches": 96, "num_partial_branches": 18, "covered_branches": 54, "missing_branches": 42, "percent_branches_covered": 56.25, "percent_branches_covered_display": "56"}, "missing_lines": [179, 186, 231, 278, 288, 298, 299, 300, 301, 311, 338, 339, 340, 341, 342, 358, 364, 394, 395, 396, 408, 419, 429, 438, 471, 472, 481, 482, 509, 510, 511, 512, 514, 536, 556, 557, 564, 565, 566, 567, 572, 573, 574, 575, 584, 585, 586, 654, 655, 656, 657, 658, 659, 660, 661, 662, 667], "excluded_lines": [], "start_line": 154, "executed_branches": [[176, 177], [176, 185], [178, 183], [183, 184], [185, 187], [204, 205], [204, 210], [221, 222], [221, 223], [223, 224], [223, 229], [230, 237], [240, 241], [243, 244], [243, 262], [245, 243], [245, 246], [248, 249], [248, 254], [255, 245], [255, 256], [266, 267], [266, 320], [268, 269], [268, 277], [277, 289], [353, 354], [353, 355], [355, 356], [363, 365], [377, 378], [377, 385], [378, 379], [378, 380], [418, 420], [428, 430], [434, 435], [434, 442], [437, 439], [452, 453], [459, 460], [459, 494], [460, 465], [460, 467], [469, 470], [506, 507], [528, 529], [528, 544], [529, 534], [653, -652], [666, 672], [673, 674], [673, 677], [674, 675]], "missing_branches": [[178, 179], [183, 176], [185, 186], [230, 231], [240, 242], [277, 278], [339, 340], [339, 342], [340, 339], [340, 341], [355, 358], [363, 364], [394, 395], [394, 396], [418, 419], [428, 429], [437, 438], [452, -446], [469, 471], [471, 472], [471, 481], [506, 509], [509, 510], [509, 512], [529, 536], [566, 567], [566, 585], [567, 572], [567, 584], [573, 574], [573, 575], [653, 654], [654, 655], [654, 656], [656, 657], [656, 662], [657, 658], [657, 659], [660, 656], [660, 661], [666, 667], [674, 673]]}, "": {"executed_lines": [1, 3, 4, 5, 6, 7, 8, 9, 10, 11, 13, 14, 15, 16, 25, 28, 29, 30, 33, 34, 35, 36, 37, 38, 42, 43, 44, 45, 46, 51, 52, 57, 58, 59, 61, 62, 65, 74, 75, 80, 90, 91, 100, 107, 114, 125, 137, 144, 154, 155, 174, 189, 361, 370, 375, 416, 417, 425, 446, 518, 563, 588, 652, 664, 683, 688], "summary": {"covered_lines": 66, "num_statements": 75, "percent_covered": 82.41758241758242, "percent_covered_display": "82", "missing_lines": 9, "excluded_lines": 0, "percent_statements_covered": 88.0, "percent_statements_covered_display": "88", "num_branches": 16, "num_partial_branches": 3, "covered_branches": 9, "missing_branches": 7, "percent_branches_covered": 56.25, "percent_branches_covered_display": "56"}, "missing_lines": [47, 53, 60, 66, 67, 68, 69, 70, 71], "excluded_lines": [], "start_line": 1, "executed_branches": [[37, 38], [37, 42], [44, 45], [44, 51], [46, 44], [52, 57], [57, 58], [57, 59], [59, 61]], "missing_branches": [[46, 47], [52, 53], [59, 60], [67, 68], [67, 71], [68, 69], [68, 70]]}}}, "src\\secure_transcribe\\cli.py": {"executed_lines": [1, 3, 4, 5, 7, 9, 10, 13, 14, 15, 16, 17, 18, 19, 20, 21, 22, 24, 33], "summary": {"covered_lines": 19, "num_statements": 21, "percent_covered": 85.18518518518519, "percent_covered_display": "85", "missing_lines": 2, "excluded_lines": 0, "percent_statements_covered": 90.47619047619048, "percent_statements_covered_display": "90", "num_branches": 6, "num_partial_branches": 2, "covered_branches": 4, "missing_branches": 2, "percent_branches_covered": 66.66666666666667, "percent_branches_covered_display": "67"}, "missing_lines": [23, 34], "excluded_lines": [], "executed_branches": [[18, 19], [18, 20], [22, 24], [33, -1]], "missing_branches": [[22, 23], [33, 34]], "functions": {"main": {"executed_lines": [14, 15, 16, 17, 18, 19, 20, 21, 22, 24], "summary": {"covered_lines": 10, "num_statements": 11, "percent_covered": 86.66666666666667, "percent_covered_display": "87", "missing_lines": 1, "excluded_lines": 0, "percent_statements_covered": 90.9090909090909, "percent_statements_covered_display": "91", "num_branches": 4, "num_partial_branches": 1, "covered_branches": 3, "missing_branches": 1, "percent_branches_covered": 75.0, "percent_branches_covered_display": "75"}, "missing_lines": [23], "excluded_lines": [], "start_line": 13, "executed_branches": [[18, 19], [18, 20], [22, 24]], "missing_branches": [[22, 23]]}, "": {"executed_lines": [1, 3, 4, 5, 7, 9, 10, 13, 33], "summary": {"covered_lines": 9, "num_statements": 10, "percent_covered": 83.33333333333333, "percent_covered_display": "83", "missing_lines": 1, "excluded_lines": 0, "percent_statements_covered": 90.0, "percent_statements_covered_display": "90", "num_branches": 2, "num_partial_branches": 1, "covered_branches": 1, "missing_branches": 1, "percent_branches_covered": 50.0, "percent_branches_covered_display": "50"}, "missing_lines": [34], "excluded_lines": [], "start_line": 1, "executed_branches": [[33, -1]], "missing_branches": [[33, 34]]}}, "classes": {"": {"executed_lines": [1, 3, 4, 5, 7, 9, 10, 13, 14, 15, 16, 17, 18, 19, 20, 21, 22, 24, 33], "summary": {"covered_lines": 19, "num_statements": 21, "percent_covered": 85.18518518518519, "percent_covered_display": "85", "missing_lines": 2, "excluded_lines": 0, "percent_statements_covered": 90.47619047619048, "percent_statements_covered_display": "90", "num_branches": 6, "num_partial_branches": 2, "covered_branches": 4, "missing_branches": 2, "percent_branches_covered": 66.66666666666667, "percent_branches_covered_display": "67"}, "missing_lines": [23, 34], "excluded_lines": [], "start_line": 1, "executed_branches": [[18, 19], [18, 20], [22, 24], [33, -1]], "missing_branches": [[22, 23], [33, 34]]}}}, "src\\secure_transcribe\\config.py": {"executed_lines": [1, 3, 4, 5, 8, 9, 10, 11, 12, 13, 14, 15, 18, 19, 20, 21, 22, 23, 24, 25, 26, 27, 30, 31, 32, 33, 34, 35, 36, 37, 38, 39, 40, 41, 42, 43, 44, 45, 46, 47, 48, 49, 51, 52, 54, 56, 58, 60, 61, 65, 66, 67, 69, 70, 71, 72, 73, 103, 104, 105, 106, 107, 108], "summary": {"covered_lines": 63, "num_statements": 67, "percent_covered": 90.80459770114942, "percent_covered_display": "91", "missing_lines": 4, "excluded_lines": 0, "percent_statements_covered": 94.02985074626865, "percent_statements_covered_display": "94", "num_branches": 20, "num_partial_branches": 4, "covered_branches": 16, "missing_branches": 4, "percent_branches_covered": 80.0, "percent_branches_covered_display": "80"}, "missing_lines": [53, 55, 57, 59], "excluded_lines": [], "executed_branches": [[10, 11], [10, 12], [13, 14], [13, 15], [20, 21], [20, 22], [23, 24], [23, 25], [25, 26], [25, 27], [52, 54], [54, 56], [56, 58], [58, 60], [60, -51], [60, 61]], "missing_branches": [[52, 53], [54, 55], [56, 57], [58, 59]], "functions": {"_env_int": {"executed_lines": [9, 10, 11, 12, 13, 14, 15], "summary": {"covered_lines": 7, "num_statements": 7, "percent_covered": 100.0, "percent_covered_display": "100", "missing_lines": 0, "excluded_lines": 0, "percent_statements_covered": 100.0, "percent_statements_covered_display": "100", "num_branches": 4, "num_partial_branches": 0, "covered_branches": 4, "missing_branches": 0, "percent_branches_covered": 100.0, "percent_branches_covered_display": "100"}, "missing_lines": [], "excluded_lines": [], "start_line": 8, "executed_branches": [[10, 11], [10, 12], [13, 14], [13, 15]], "missing_branches": []}, "_env_bool": {"executed_lines": [19, 20, 21, 22, 23, 24, 25, 26, 27], "summary": {"covered_lines": 9, "num_statements": 9, "percent_covered": 100.0, "percent_covered_display": "100", "missing_lines": 0, "excluded_lines": 0, "percent_statements_covered": 100.0, "percent_statements_covered_display": "100", "num_branches": 6, "num_partial_branches": 0, "covered_branches": 6, "missing_branches": 0, "percent_branches_covered": 100.0, "percent_branches_covered_display": "100"}, "missing_lines": [], "excluded_lines": [], "start_line": 18, "executed_branches": [[20, 21], [20, 22], [23, 24], [23, 25], [25, 26], [25, 27]], "missing_branches": []}, "Settings.__post_init__": {"executed_lines": [52, 54, 56, 58, 60, 61], "summary": {"covered_lines": 6, "num_statements": 10, "percent_covered": 60.0, "percent_covered_display": "60", "missing_lines": 4, "excluded_lines": 0, "percent_statements_covered": 60.0, "percent_statements_covered_display": "60", "num_branches": 10, "num_partial_branches": 4, "covered_branches": 6, "missing_branches": 4, "percent_branches_covered": 60.0, "percent_branches_covered_display": "60"}, "missing_lines": [53, 55, 57, 59], "excluded_lines": [], "start_line": 51, "executed_branches": [[52, 54], [54, 56], [56, 58], [58, 60], [60, -51], [60, 61]], "missing_branches": [[52, 53], [54, 55], [56, 57], [58, 59]]}, "Settings.batch_workspace": {"executed_lines": [67], "summary": {"covered_lines": 1, "num_statements": 1, "percent_covered": 100.0, "percent_covered_display": "100", "missing_lines": 0, "excluded_lines": 0, "percent_statements_covered": 100.0, "percent_statements_covered_display": "100", "num_branches": 0, "num_partial_branches": 0, "covered_branches": 0, "missing_branches": 0, "percent_branches_covered": 100.0, "percent_branches_covered_display": "100"}, "missing_lines": [], "excluded_lines": [], "start_line": 66, "executed_branches": [], "missing_branches": []}, "Settings.from_env": {"executed_lines": [71, 72, 73], "summary": {"covered_lines": 3, "num_statements": 3, "percent_covered": 100.0, "percent_covered_display": "100", "missing_lines": 0, "excluded_lines": 0, "percent_statements_covered": 100.0, "percent_statements_covered_display": "100", "num_branches": 0, "num_partial_branches": 0, "covered_branches": 0, "missing_branches": 0, "percent_branches_covered": 100.0, "percent_branches_covered_display": "100"}, "missing_lines": [], "excluded_lines": [], "start_line": 70, "executed_branches": [], "missing_branches": []}, "Settings.ensure_directories": {"executed_lines": [104, 105, 106, 107, 108], "summary": {"covered_lines": 5, "num_statements": 5, "percent_covered": 100.0, "percent_covered_display": "100", "missing_lines": 0, "excluded_lines": 0, "percent_statements_covered": 100.0, "percent_statements_covered_display": "100", "num_branches": 0, "num_partial_branches": 0, "covered_branches": 0, "missing_branches": 0, "percent_branches_covered": 100.0, "percent_branches_covered_display": "100"}, "missing_lines": [], "excluded_lines": [], "start_line": 103, "executed_branches": [], "missing_branches": []}, "": {"executed_lines": [1, 3, 4, 5, 8, 18, 30, 31, 32, 33, 34, 35, 36, 37, 38, 39, 40, 41, 42, 43, 44, 45, 46, 47, 48, 49, 51, 65, 66, 69, 70, 103], "summary": {"covered_lines": 32, "num_statements": 32, "percent_covered": 100.0, "percent_covered_display": "100", "missing_lines": 0, "excluded_lines": 0, "percent_statements_covered": 100.0, "percent_statements_covered_display": "100", "num_branches": 0, "num_partial_branches": 0, "covered_branches": 0, "missing_branches": 0, "percent_branches_covered": 100.0, "percent_branches_covered_display": "100"}, "missing_lines": [], "excluded_lines": [], "start_line": 1, "executed_branches": [], "missing_branches": []}}, "classes": {"Settings": {"executed_lines": [52, 54, 56, 58, 60, 61, 67, 71, 72, 73, 104, 105, 106, 107, 108], "summary": {"covered_lines": 15, "num_statements": 19, "percent_covered": 72.41379310344827, "percent_covered_display": "72", "missing_lines": 4, "excluded_lines": 0, "percent_statements_covered": 78.94736842105263, "percent_statements_covered_display": "79", "num_branches": 10, "num_partial_branches": 4, "covered_branches": 6, "missing_branches": 4, "percent_branches_covered": 60.0, "percent_branches_covered_display": "60"}, "missing_lines": [53, 55, 57, 59], "excluded_lines": [], "start_line": 31, "executed_branches": [[52, 54], [54, 56], [56, 58], [58, 60], [60, -51], [60, 61]], "missing_branches": [[52, 53], [54, 55], [56, 57], [58, 59]]}, "": {"executed_lines": [1, 3, 4, 5, 8, 9, 10, 11, 12, 13, 14, 15, 18, 19, 20, 21, 22, 23, 24, 25, 26, 27, 30, 31, 32, 33, 34, 35, 36, 37, 38, 39, 40, 41, 42, 43, 44, 45, 46, 47, 48, 49, 51, 65, 66, 69, 70, 103], "summary": {"covered_lines": 48, "num_statements": 48, "percent_covered": 100.0, "percent_covered_display": "100", "missing_lines": 0, "excluded_lines": 0, "percent_statements_covered": 100.0, "percent_statements_covered_display": "100", "num_branches": 10, "num_partial_branches": 0, "covered_branches": 10, "missing_branches": 0, "percent_branches_covered": 100.0, "percent_branches_covered_display": "100"}, "missing_lines": [], "excluded_lines": [], "start_line": 1, "executed_branches": [[10, 11], [10, 12], [13, 14], [13, 15], [20, 21], [20, 22], [23, 24], [23, 25], [25, 26], [25, 27]], "missing_branches": []}}}, "src\\secure_transcribe\\errors.py": {"executed_lines": [1, 4, 5, 6, 7, 8, 11, 12, 13, 16, 17], "summary": {"covered_lines": 11, "num_statements": 12, "percent_covered": 91.66666666666667, "percent_covered_display": "92", "missing_lines": 1, "excluded_lines": 0, "percent_statements_covered": 91.66666666666667, "percent_statements_covered_display": "92", "num_branches": 0, "num_partial_branches": 0, "covered_branches": 0, "missing_branches": 0, "percent_branches_covered": 100.0, "percent_branches_covered_display": "100"}, "missing_lines": [18], "excluded_lines": [], "executed_branches": [], "missing_branches": [], "functions": {"StudioError.__init__": {"executed_lines": [5, 6, 7, 8], "summary": {"covered_lines": 4, "num_statements": 4, "percent_covered": 100.0, "percent_covered_display": "100", "missing_lines": 0, "excluded_lines": 0, "percent_statements_covered": 100.0, "percent_statements_covered_display": "100", "num_branches": 0, "num_partial_branches": 0, "covered_branches": 0, "missing_branches": 0, "percent_branches_covered": 100.0, "percent_branches_covered_display": "100"}, "missing_lines": [], "excluded_lines": [], "start_line": 4, "executed_branches": [], "missing_branches": []}, "NotFoundError.__init__": {"executed_lines": [13], "summary": {"covered_lines": 1, "num_statements": 1, "percent_covered": 100.0, "percent_covered_display": "100", "missing_lines": 0, "excluded_lines": 0, "percent_statements_covered": 100.0, "percent_statements_covered_display": "100", "num_branches": 0, "num_partial_branches": 0, "covered_branches": 0, "missing_branches": 0, "percent_branches_covered": 100.0, "percent_branches_covered_display": "100"}, "missing_lines": [], "excluded_lines": [], "start_line": 12, "executed_branches": [], "missing_branches": []}, "BatchNotFoundError.__init__": {"executed_lines": [], "summary": {"covered_lines": 0, "num_statements": 1, "percent_covered": 0.0, "percent_covered_display": "0", "missing_lines": 1, "excluded_lines": 0, "percent_statements_covered": 0.0, "percent_statements_covered_display": "0", "num_branches": 0, "num_partial_branches": 0, "covered_branches": 0, "missing_branches": 0, "percent_branches_covered": 100.0, "percent_branches_covered_display": "100"}, "missing_lines": [18], "excluded_lines": [], "start_line": 17, "executed_branches": [], "missing_branches": []}, "": {"executed_lines": [1, 4, 11, 12, 16, 17], "summary": {"covered_lines": 6, "num_statements": 6, "percent_covered": 100.0, "percent_covered_display": "100", "missing_lines": 0, "excluded_lines": 0, "percent_statements_covered": 100.0, "percent_statements_covered_display": "100", "num_branches": 0, "num_partial_branches": 0, "covered_branches": 0, "missing_branches": 0, "percent_branches_covered": 100.0, "percent_branches_covered_display": "100"}, "missing_lines": [], "excluded_lines": [], "start_line": 1, "executed_branches": [], "missing_branches": []}}, "classes": {"StudioError": {"executed_lines": [5, 6, 7, 8], "summary": {"covered_lines": 4, "num_statements": 4, "percent_covered": 100.0, "percent_covered_display": "100", "missing_lines": 0, "excluded_lines": 0, "percent_statements_covered": 100.0, "percent_statements_covered_display": "100", "num_branches": 0, "num_partial_branches": 0, "covered_branches": 0, "missing_branches": 0, "percent_branches_covered": 100.0, "percent_branches_covered_display": "100"}, "missing_lines": [], "excluded_lines": [], "start_line": 1, "executed_branches": [], "missing_branches": []}, "NotFoundError": {"executed_lines": [13], "summary": {"covered_lines": 1, "num_statements": 1, "percent_covered": 100.0, "percent_covered_display": "100", "missing_lines": 0, "excluded_lines": 0, "percent_statements_covered": 100.0, "percent_statements_covered_display": "100", "num_branches": 0, "num_partial_branches": 0, "covered_branches": 0, "missing_branches": 0, "percent_branches_covered": 100.0, "percent_branches_covered_display": "100"}, "missing_lines": [], "excluded_lines": [], "start_line": 11, "executed_branches": [], "missing_branches": []}, "BatchNotFoundError": {"executed_lines": [], "summary": {"covered_lines": 0, "num_statements": 1, "percent_covered": 0.0, "percent_covered_display": "0", "missing_lines": 1, "excluded_lines": 0, "percent_statements_covered": 0.0, "percent_statements_covered_display": "0", "num_branches": 0, "num_partial_branches": 0, "covered_branches": 0, "missing_branches": 0, "percent_branches_covered": 100.0, "percent_branches_covered_display": "100"}, "missing_lines": [18], "excluded_lines": [], "start_line": 16, "executed_branches": [], "missing_branches": []}, "": {"executed_lines": [1, 4, 11, 12, 16, 17], "summary": {"covered_lines": 6, "num_statements": 6, "percent_covered": 100.0, "percent_covered_display": "100", "missing_lines": 0, "excluded_lines": 0, "percent_statements_covered": 100.0, "percent_statements_covered_display": "100", "num_branches": 0, "num_partial_branches": 0, "covered_branches": 0, "missing_branches": 0, "percent_branches_covered": 100.0, "percent_branches_covered_display": "100"}, "missing_lines": [], "excluded_lines": [], "start_line": 1, "executed_branches": [], "missing_branches": []}}}, "src\\secure_transcribe\\exports.py": {"executed_lines": [1, 3, 4, 5, 7, 8, 10, 13, 14, 15, 18, 19, 20, 21, 22, 23, 26, 29, 30, 31, 32, 33, 37, 38, 39, 43, 44, 45, 49, 50, 51, 58, 68, 69], "summary": {"covered_lines": 34, "num_statements": 34, "percent_covered": 100.0, "percent_covered_display": "100", "missing_lines": 0, "excluded_lines": 0, "percent_statements_covered": 100.0, "percent_statements_covered_display": "100", "num_branches": 10, "num_partial_branches": 0, "covered_branches": 10, "missing_branches": 0, "percent_branches_covered": 100.0, "percent_branches_covered_display": "100"}, "missing_lines": [], "excluded_lines": [], "executed_branches": [[30, 31], [30, 32], [32, 33], [32, 38], [38, 39], [38, 44], [44, 45], [44, 50], [50, 51], [50, 69]], "missing_branches": [], "functions": {"safe_export_base": {"executed_lines": [14, 15], "summary": {"covered_lines": 2, "num_statements": 2, "percent_covered": 100.0, "percent_covered_display": "100", "missing_lines": 0, "excluded_lines": 0, "percent_statements_covered": 100.0, "percent_statements_covered_display": "100", "num_branches": 0, "num_partial_branches": 0, "covered_branches": 0, "missing_branches": 0, "percent_branches_covered": 100.0, "percent_branches_covered_display": "100"}, "missing_lines": [], "excluded_lines": [], "start_line": 13, "executed_branches": [], "missing_branches": []}, "_timestamp": {"executed_lines": [19, 20, 21, 22, 23], "summary": {"covered_lines": 5, "num_statements": 5, "percent_covered": 100.0, "percent_covered_display": "100", "missing_lines": 0, "excluded_lines": 0, "percent_statements_covered": 100.0, "percent_statements_covered_display": "100", "num_branches": 0, "num_partial_branches": 0, "covered_branches": 0, "missing_branches": 0, "percent_branches_covered": 100.0, "percent_branches_covered_display": "100"}, "missing_lines": [], "excluded_lines": [], "start_line": 18, "executed_branches": [], "missing_branches": []}, "render_export": {"executed_lines": [29, 30, 31, 32, 33, 37, 38, 39, 43, 44, 45, 49, 50, 51, 58, 68, 69], "summary": {"covered_lines": 17, "num_statements": 17, "percent_covered": 100.0, "percent_covered_display": "100", "missing_lines": 0, "excluded_lines": 0, "percent_statements_covered": 100.0, "percent_statements_covered_display": "100", "num_branches": 10, "num_partial_branches": 0, "covered_branches": 10, "missing_branches": 0, "percent_branches_covered": 100.0, "percent_branches_covered_display": "100"}, "missing_lines": [], "excluded_lines": [], "start_line": 26, "executed_branches": [[30, 31], [30, 32], [32, 33], [32, 38], [38, 39], [38, 44], [44, 45], [44, 50], [50, 51], [50, 69]], "missing_branches": []}, "": {"executed_lines": [1, 3, 4, 5, 7, 8, 10, 13, 18, 26], "summary": {"covered_lines": 10, "num_statements": 10, "percent_covered": 100.0, "percent_covered_display": "100", "missing_lines": 0, "excluded_lines": 0, "percent_statements_covered": 100.0, "percent_statements_covered_display": "100", "num_branches": 0, "num_partial_branches": 0, "covered_branches": 0, "missing_branches": 0, "percent_branches_covered": 100.0, "percent_branches_covered_display": "100"}, "missing_lines": [], "excluded_lines": [], "start_line": 1, "executed_branches": [], "missing_branches": []}}, "classes": {"": {"executed_lines": [1, 3, 4, 5, 7, 8, 10, 13, 14, 15, 18, 19, 20, 21, 22, 23, 26, 29, 30, 31, 32, 33, 37, 38, 39, 43, 44, 45, 49, 50, 51, 58, 68, 69], "summary": {"covered_lines": 34, "num_statements": 34, "percent_covered": 100.0, "percent_covered_display": "100", "missing_lines": 0, "excluded_lines": 0, "percent_statements_covered": 100.0, "percent_statements_covered_display": "100", "num_branches": 10, "num_partial_branches": 0, "covered_branches": 10, "missing_branches": 0, "percent_branches_covered": 100.0, "percent_branches_covered_display": "100"}, "missing_lines": [], "excluded_lines": [], "start_line": 1, "executed_branches": [[30, 31], [30, 32], [32, 33], [32, 38], [38, 39], [38, 44], [44, 45], [44, 50], [50, 51], [50, 69]], "missing_branches": []}}}, "src\\secure_transcribe\\manifest.py": {"executed_lines": [1, 3, 4, 5, 6, 7, 8, 9, 10, 11, 12, 13, 15, 16, 26, 27, 36, 37, 38, 39, 40, 41, 42, 44, 45, 46, 47, 48, 51, 52, 53, 54, 55, 64, 65, 66, 85, 98, 111, 112, 115, 116, 119, 120, 121, 126, 127, 134, 135, 138, 139, 140, 141, 142, 145, 146, 154, 155, 156, 157, 158, 162, 163, 164, 169, 170, 174, 175, 176, 182, 183, 185, 186, 191, 192, 193, 195, 200, 201, 202, 207, 208, 210, 212, 213, 219, 220, 221, 222, 223, 224, 225, 229, 230, 231, 235, 236, 237, 239, 240, 241, 242, 247, 248, 249, 250, 251, 252, 256, 257, 259, 260, 264, 265, 270, 271, 278, 283, 284, 285, 289, 300, 301, 305, 308, 309, 310, 314, 315, 320, 324, 325, 326, 331, 335, 342, 343, 344, 345, 346, 349, 351, 352, 357, 358, 
[...]
ercent_statements_covered": 100.0, "percent_statements_covered_display": "100", "num_branches": 0, "num_partial_branches": 0, "covered_branches": 0, "missing_branches": 0, "percent_branches_covered": 100.0, "percent_branches_covered_display": "100"}, "missing_lines": [], "excluded_lines": [], "start_line": 1, "executed_branches": [], "missing_branches": []}}, "classes": {"JobStore": {"executed_lines": [17, 18, 19, 20, 21, 22, 23, 26, 27, 28, 29, 30, 31, 33, 37, 38, 39, 40, 41, 42, 43, 53, 54, 55, 56, 61, 62, 73, 74, 75, 76, 77, 80, 81, 82, 83, 90, 91, 92, 93, 96, 97, 98, 99, 100, 103, 104, 105, 107, 108, 109, 110, 111, 114, 115, 116, 117, 118, 119, 120, 123, 126, 129, 132, 133, 139, 140, 144, 145, 148, 149, 155, 156, 158, 159, 162, 163, 165, 166, 167, 170, 171, 172, 173, 174, 175, 176, 179, 180, 181, 185], "summary": {"covered_lines": 91, "num_statements": 96, "percent_covered": 91.52542372881356, "percent_covered_display": "92", "missing_lines": 5, "excluded_lines": 0, "percent_statements_covered": 94.79166666666667, "percent_statements_covered_display": "95", "num_branches": 22, "num_partial_branches": 5, "covered_branches": 17, "missing_branches": 5, "percent_branches_covered": 77.27272727272727, "percent_branches_covered_display": "77"}, "missing_lines": [32, 106, 141, 157, 164], "excluded_lines": [], "start_line": 15, "executed_branches": [[31, 33], [55, 56], [55, 61], [82, -79], [82, 83], [97, 98], [97, 99], [104, 105], [104, 111], [105, 107], [140, 144], [156, 158], [163, 165], [172, 173], [172, 176], [173, 172], [173, 174]], "missing_branches": [[31, 32], [105, 106], [140, 141], [156, 157], [163, 164]]}, "": {"executed_lines": [1, 3, 4, 5, 6, 7, 8, 9, 11, 12, 15, 16, 25, 35, 36, 45, 79, 89, 95, 102, 113, 125, 128, 131, 138, 147, 154, 161, 169, 178], "summary": {"covered_lines": 30, "num_statements": 30, "percent_covered": 100.0, "percent_covered_display": "100", "missing_lines": 0, "excluded_lines": 0, "percent_statements_covered": 100.0, "percent_statements_covered_display": "100", "num_branches": 0, "num_partial_branches": 0, "covered_branches": 0, "missing_branches": 0, "percent_branches_covered": 100.0, "percent_branches_covered_display": "100"}, "missing_lines": [], "excluded_lines": [], "start_line": 1, "executed_branches": [], "missing_branches": []}}}, "src\\secure_transcribe\\transcription.py": {"executed_lines": [1, 3, 4, 5, 6, 7, 8, 9, 10, 11, 13, 14, 17, 18, 21, 27, 38, 39, 40, 42, 43, 46, 47, 50, 51, 52, 56, 66, 67, 75, 76, 77, 78, 79, 83, 84, 85, 86, 87, 88, 89, 90, 91, 98, 99, 100, 104, 122, 123, 130, 131, 132, 133, 136, 139, 146, 147, 148, 149, 150, 151, 152, 153, 155, 156, 157, 158, 159, 160, 161, 162, 163, 164, 165, 166, 169, 171, 172, 174, 175, 176, 180, 181, 182, 183, 188, 189, 190, 191, 192, 193, 194, 195, 196, 197, 198, 199, 200, 201, 204, 208, 210, 211, 212, 213, 215, 216, 219, 220, 221, 225, 226, 227, 230, 231, 235, 236, 237, 238, 240, 241, 242, 243, 244, 245, 248], "summary": {"covered_lines": 126, "num_statements": 156, "percent_covered": 80.0, "percent_covered_display": "80", "missing_lines": 30, "excluded_lines": 15, "percent_statements_covered": 80.76923076923077, "percent_statements_covered_display": "81", "num_branches": 34, "num_partial_branches": 6, "covered_branches": 26, "missing_branches": 8, "percent_branches_covered": 76.47058823529412, "percent_branches_covered_display": "76"}, "missing_lines": [44, 48, 202, 203, 209, 214, 250, 251, 253, 254, 255, 256, 258, 259, 265, 266, 267, 268, 278, 287, 288, 289, 290, 291, 292, 293, 294, 295, 296, 297], "excluded_lines": [22, 23, 24, 25, 26, 28, 29, 30, 31, 32, 33, 34, 35, 36, 37], "executed_branches": [[51, 52], [51, 56], [86, 87], [86, 88], [89, 90], [89, 91], [99, 100], [99, 104], [157, 158], [159, 160], [160, 161], [160, 162], [164, 165], [164, 166], [175, 176], [175, 180], [196, 197], [196, 198], [198, 199], [198, 208], [201, 204], [208, 210], [213, 219], [219, 220], [219, 226], [244, 245]], "missing_branches": [[157, 169], [159, 169], [201, 202], [208, 209], [213, 214], [244, -240], [265, 266], [265, 267]], "functions": {"_hidden_process_flags": {"executed_lines": [18], "summary": {"covered_lines": 1, "num_statements": 1, "percent_covered": 100.0, "percent_covered_display": "100", "missing_lines": 0, "excluded_lines": 0, "percent_statements_covered": 100.0, "percent_statements_covered_display": "100", "num_branches": 0, "num_partial_branches": 0, "covered_branches": 0, "missing_branches": 0, "percent_branches_covered": 100.0, "percent_branches_covered_display": "100"}, "missing_lines": [], "excluded_lines": [], "start_line": 17, "executed_branches": [], "missing_branches": []}, "MediaPipeline.probe": {"executed_lines": [], "summary": {"covered_lines": 0, "num_statements": 0, "percent_covered": 100.0, "percent_covered_display": "100", "missing_lines": 0, "excluded_lines": 1, "percent_statements_covered": 100.0, "percent_statements_covered_display": "100", "num_branches": 0, "num_partial_branches": 0, "covered_branches": 0, "missing_branches": 0, "percent_branches_covered": 100.0, "percent_branches_covered_display": "100"}, "missing_lines": [], "excluded_lines": [22], "start_line": 22, "executed_branches": [], "missing_branches": []}, "MediaPipeline.extract_audio": {"executed_lines": [], "summary": {"covered_lines": 0, "num_statements": 0, "percent_covered": 100.0, "percent_covered_display": "100", "missing_lines": 0, "excluded_lines": 1, "percent_statements_covered": 100.0, "percent_statements_covered_display": "100", "num_branches": 0, "num_partial_branches": 0, "covered_branches": 0, "missing_branches": 0, "percent_branches_covered": 100.0, "percent_branches_covered_display": "100"}, "missing_lines": [], "excluded_lines": [24], "start_line": 24, "executed_branches": [], "missing_branches": []}, "TranscriptEngine.model_id": {"executed_lines": [], "summary": {"covered_lines": 0, "num_statements": 0, "percent_covered": 100.0, "percent_covered_display": "100", "missing_lines": 0, "excluded_lines": 1, "percent_statements_covered": 100.0, "percent_statements_covered_display": "100", "num_branches": 0, "num_partial_branches": 0, "covered_branches": 0, "missing_branches": 0, "percent_branches_covered": 100.0, "percent_branches_covered_display": "100"}, "missing_lines": [], "excluded_lines": [29], "start_line": 29, "executed_branches": [], "missing_branches": []}, "TranscriptEngine.is_ready": {"executed_lines": [], "summary": {"covered_lines": 0, "num_statements": 0, "percent_covered": 100.0, "percent_covered_display": "100", "missing_lines": 0, "excluded_lines": 1, "percent_statements_covered": 100.0, "percent_statements_covered_display": "100", "num_branches": 0, "num_partial_branches": 0, "covered_branches": 0, "missing_branches": 0, "percent_branches_covered": 100.0, "percent_branches_covered_display": "100"}, "missing_lines": [], "excluded_lines": [31], "start_line": 31, "executed_branches": [], "missing_branches": []}, "TranscriptEngine.transcribe": {"executed_lines": [], "summary": {"covered_lines": 0, "num_statements": 0, "percent_covered": 100.0, "percent_covered_display": "100", "missing_lines": 0, "excluded_lines": 1, "percent_statements_covered": 100.0, "percent_statements_covered_display": "100", "num_branches": 0, "num_partial_branches": 0, "covered_branches": 0, "missing_branches": 0, "percent_branches_covered": 100.0, "percent_branches_covered_display": "100"}, "missing_lines": [], "excluded_lines": [35], "start_line": 33, "executed_branches": [], "missing_branches": []}, "FFmpegMediaPipeline.__init__": {"executed_lines": [40], "summary": {"covered_lines": 1, "num_statements": 1, "percent_covered": 100.0, "percent_covered_display": "100", "missing_lines": 0, "excluded_lines": 0, "percent_statements_covered": 100.0, "percent_statements_covered_display": "100", "num_branches": 0, "num_partial_branches": 0, "covered_branches": 0, "missing_branches": 0, "percent_branches_covered": 100.0, "percent_branches_covered_display": "100"}, "missing_lines": [], "excluded_lines": [], "start_line": 39, "executed_branches": [], "missing_branches": []}, "FFmpegMediaPipeline.is_ffmpeg_ready": {"executed_lines": [], "summary": {"covered_lines": 0, "num_statements": 1, "percent_covered": 0.0, "percent_covered_display": "0", "missing_lines": 1, "excluded_lines": 0, "percent_statements_covered": 0.0, "percent_statements_covered_display": "0", "num_branches": 0, "num_partial_branches": 0, "covered_branches": 0, "missing_branches": 0, "percent_branches_covered": 100.0, "percent_branches_covered_display": "100"}, "missing_lines": [44], "excluded_lines": [], "start_line": 43, "executed_branches": [], "missing_branches": []}, "FFmpegMediaPipeline.is_ffprobe_ready": {"executed_lines": [], "summary": {"covered_lines": 0, "num_statements": 1, "percent_covered": 0.0, "percent_covered_display": "0", "missing_lines": 1, "excluded_lines": 0, "percent_statements_covered": 0.0, "percent_statements_covered_display": "0", "num_branches": 0, "num_partial_branches": 0, "covered_branches": 0, "missing_branches": 0, "percent_branches_covered": 100.0, "percent_branches_covered_display": "100"}, "missing_lines": [48], "excluded_lines": [], "start_line": 47, "executed_branches": [], "missing_branches": []}, "FFmpegMediaPipeline.probe": {"executed_lines": [51, 52, 56, 66, 67, 75, 76, 77, 78, 79, 83, 84, 85, 86, 87, 88, 89, 90, 91], "summary": {"covered_lines": 19, "num_statements": 19, "percent_covered": 100.0, "percent_covered_display": "100", "missing_lines": 0, "excluded_lines": 0, "percent_statements_covered": 100.0, "percent_statements_covered_display": "100", "num_branches": 6, "num_partial_branches": 0, "covered_branches": 6, "missing_branches": 0, "percent_branches_covered": 100.0, "percent_branches_covered_display": "100"}, "missing_lines": [], "excluded_lines": [], "start_line": 50, "executed_branches": [[51, 52], [51, 56], [86, 87], [86, 88], [89, 90], [89, 91]], "missing_branches": []}, "FFmpegMediaPipeline.extract_audio": {"executed_lines": [99, 100, 104, 122, 123, 130, 131, 132, 133], "summary": {"covered_lines": 9, "num_statements": 9, "percent_covered": 100.0, "percent_covered_display": "100", "missing_lines": 0, "excluded_lines": 0, "percent_statements_covered": 100.0, "percent_statements_covered_display": "100", "num_branches": 2, "num_partial_branches": 0, "covered_branches": 2, "missing_branches": 0, "percent_branches_covered": 100.0, "percent_branches_covered_display": "100"}, "missing_lines": [], "excluded_lines": [], "start_line": 98, "executed_branches": [[99, 100], [99, 104]], "missing_branches": []}, "LocalWhisperEngine.__init__": {"executed_lines": [146, 147, 148, 149, 150, 151, 152, 153], "summary": {"covered_lines": 8, "num_statements": 8, "percent_covered": 100.0, "percent_covered_display": "100", "missing_lines": 0, "excluded_lines": 0, "percent_statements_covered": 100.0, "percent_statements_covered_display": "100", "num_branches": 0, "num_partial_branches": 0, "covered_branches": 0, "missing_branches": 0, "percent_branches_covered": 100.0, "percent_branches_covered_display": "100"}, "missing_lines": [], "excluded_lines": [], "start_line": 139, "executed_branches": [], "missing_branches": []}, "LocalWhisperEngine.model_id": {"executed_lines": [157, 158, 159, 160, 161, 162, 163, 164, 165, 166, 169], "summary": {"covered_lines": 11, "num_statements": 11, "percent_covered": 89.47368421052632, "percent_covered_display": "89", "missing_lines": 0, "excluded_lines": 0, "percent_statements_covered": 100.0, "percent_statements_covered_display": "100", "num_branches": 8, "num_partial_branches": 2, "covered_branches": 6, "missing_branches": 2, "percent_branches_covered": 75.0, "percent_branches_covered_display": "75"}, "missing_lines": [], "excluded_lines": [], "start_line": 156, "executed_branches": [[157, 158], [159, 160], [160, 161], [160, 162], [164, 165], [164, 166]], "missing_branches": [[157, 169], [159, 169]]}, "LocalWhisperEngine.is_ready": {"executed_lines": [172], "summary": {"covered_lines": 1, "num_statements": 1, "percent_covered": 100.0, "percent_covered_display": "100", "missing_lines": 0, "excluded_lines": 0, "percent_statements_covered": 100.0, "percent_statements_covered_display": "100", "num_branches": 0, "num_partial_branches": 0, "covered_branches": 0, "missing_branches": 0, "percent_branches_covered": 100.0, "percent_branches_covered_display": "100"}, "missing_lines": [], "excluded_lines": [], "start_line": 171, "executed_branches": [], "missing_branches": []}, "LocalWhisperEngine.transcribe": {"executed_lines": [175, 176, 180, 181, 182, 183, 188, 189, 190, 191, 192, 193, 194, 195, 196, 197, 198, 199, 200, 201, 204, 208, 210, 211, 212, 213, 215, 216, 219, 220, 221, 225, 226, 227, 230, 231, 235, 236, 237, 238], "summary": {"covered_lines": 40, "num_statements": 44, "percent_covered": 87.93103448275862, "percent_covered_display": "88", "missing_lines": 4, "excluded_lines": 0, "percent_statements_covered": 90.9090909090909, "percent_statements_covered_display": "91", "num_branches": 14, "num_partial_branches": 3, "covered_branches": 11, "missing_branches": 3, "percent_branches_covered": 78.57142857142857, "percent_branches_covered_display": "79"}, "missing_lines": [202, 203, 209, 214], "excluded_lines": [], "start_line": 174, "executed_branches": [[175, 176], [175, 180], [196, 197], [196, 198], [198, 199], [198, 208], [201, 204], [208, 210], [213, 219], [219, 220], [219, 226]], "missing_branches": [[201, 202], [208, 209], [213, 214]]}, "LocalWhisperEngine.cancel": {"executed_lines": [241, 242, 243, 244, 245], "summary": {"covered_lines": 5, "num_statements": 5, "percent_covered": 85.71428571428571, "percent_covered_display": "86", "missing_lines": 0, "excluded_lines": 0, "percent_statements_covered": 100.0, "percent_statements_covered_display": "100", "num_branches": 2, "num_partial_branches": 1, "covered_branches": 1, "missing_branches": 1, "percent_branches_covered": 50.0, "percent_branches_covered_display": "50"}, "missing_lines": [], "excluded_lines": [], "start_line": 240, "executed_branches": [[244, 245]], "missing_branches": [[244, -240]]}, "_transcribe_worker": {"executed_lines": [], "summary": {"covered_lines": 0, "num_statements": 24, "percent_covered": 0.0, "percent_covered_display": "0", "missing_lines": 24, "excluded_lines": 0, "percent_statements_covered": 0.0, "percent_statements_covered_display": "0", "num_branches": 2, "num_partial_branches": 0, "covered_branches": 0, "missing_branches": 2, "percent_branches_covered": 0.0, "percent_branches_covered_display": "0"}, "missing_lines": [250, 251, 253, 254, 255, 256, 258, 259, 265, 266, 267, 268, 278, 287, 288, 289, 290, 291, 292, 293, 294, 295, 296, 297], "excluded_lines": [], "start_line": 248, "executed_branches": [], "missing_branches": [[265, 266], [265, 267]]}, "": {"executed_lines": [1, 3, 4, 5, 6, 7, 8, 9, 10, 11, 13, 14, 17, 21, 27, 38, 39, 42, 43, 46, 47, 50, 98, 136, 139, 155, 156, 171, 174, 240, 248], "summary": {"covered_lines": 31, "num_statements": 31, "percent_covered": 100.0, "percent_covered_display": "100", "missing_lines": 0, "excluded_lines": 10, "percent_statements_covered": 100.0, "percent_statements_covered_display": "100", "num_branches": 0, "num_partial_branches": 0, "covered_branches": 0, "missing_branches": 0, "percent_branches_covered": 100.0, "percent_branches_covered_display": "100"}, "missing_lines": [], "excluded_lines": [23, 25, 26, 28, 30, 32, 33, 34, 36, 37], "start_line": 1, "executed_branches": [], "missing_branches": []}}, "classes": {"MediaPipeline": {"executed_lines": [], "summary": {"covered_lines": 0, "num_statements": 0, "percent_covered": 100.0, "percent_covered_display": "100", "missing_lines": 0, "excluded_lines": 2, "percent_statements_covered": 100.0, "percent_statements_covered_display": "100", "num_branches": 0, "num_partial_branches": 0, "covered_branches": 0, "missing_branches": 0, "percent_branches_covered": 100.0, "percent_branches_covered_display": "100"}, "missing_lines": [], "excluded_lines": [22, 24], "start_line": 21, "executed_branches": [], "missing_branches": []}, "TranscriptEngine": {"executed_lines": [], "summary": {"covered_lines": 0, "num_statements": 0, "percent_covered": 100.0, "percent_covered_display": "100", "missing_lines": 0, "excluded_lines": 3, "percent_statements_covered": 100.0, "percent_statements_covered_display": "100", "num_branches": 0, "num_partial_branches": 0, "covered_branches": 0, "missing_branches": 0, "percent_branches_covered": 100.0, "percent_branches_covered_display": "100"}, "missing_lines": [], "excluded_lines": [29, 31, 35], "start_line": 27, "executed_branches": [], "missing_branches": []}, "FFmpegMediaPipeline": {"executed_lines": [40, 51, 52, 56, 66, 67, 75, 76, 77, 78, 79, 83, 84, 85, 86, 87, 88, 89, 90, 91, 99, 100, 104, 122, 123, 130, 131, 132, 133], "summary": {"covered_lines": 29, "num_statements": 31, "percent_covered": 94.87179487179488, "percent_covered_display": "95", "missing_lines": 2, "excluded_lines": 0, "percent_statements_covered": 93.54838709677419, "percent_statements_covered_display": "94", "num_branches": 8, "num_partial_branches": 0, "covered_branches": 8, "missing_branches": 0, "percent_branches_covered": 100.0, "percent_branches_covered_display": "100"}, "missing_lines": [44, 48], "excluded_lines": [], "start_line": 38, "executed_branches": [[51, 52], [51, 56], [86, 87], [86, 88], [89, 90], [89, 91], [99, 100], [99, 104]], "missing_branches": []}, "LocalWhisperEngine": {"executed_lines": [146, 147, 148, 149, 150, 151, 152, 153, 157, 158, 159, 160, 161, 162, 163, 164, 165, 166, 169, 172, 175, 176, 180, 181, 182, 183, 188, 189, 190, 191, 192, 193, 194, 195, 196, 197, 198, 199, 200, 201, 204, 208, 210, 211, 212, 213, 215, 216, 219, 220, 221, 225, 226, 227, 230, 231, 235, 236, 237, 238, 241, 242, 243, 244, 245], "summary": {"covered_lines": 65, "num_statements": 69, "percent_covered": 89.24731182795699, "percent_covered_display": "89", "missing_lines": 4, "excluded_lines": 0, "percent_statements_covered": 94.20289855072464, "percent_statements_covered_display": "94", "num_branches": 24, "num_partial_branches": 6, "covered_branches": 18, "missing_branches": 6, "percent_branches_covered": 75.0, "percent_branches_covered_display": "75"}, "missing_lines": [202, 203, 209, 214], "excluded_lines": [], "start_line": 136, "executed_branches": [[157, 158], [159, 160], [160, 161], [160, 162], [164, 165], [164, 166], [175, 176], [175, 180], [196, 197], [196, 198], [198, 199], [198, 208], [201, 204], [208, 210], [213, 219], [219, 220], [219, 226], [244, 245]], "missing_branches": [[157, 169], [159, 169], [201, 202], [208, 209], [213, 214], [244, -240]]}, "": {"executed_lines": [1, 3, 4, 5, 6, 7, 8, 9, 10, 11, 13, 14, 17, 18, 21, 27, 38, 39, 42, 43, 46, 47, 50, 98, 136, 139, 155, 156, 171, 174, 240, 248], "summary": {"covered_lines": 32, "num_statements": 56, "percent_covered": 55.172413793103445, "percent_covered_display": "55", "missing_lines": 24, "excluded_lines": 10, "percent_statements_covered": 57.142857142857146, "percent_statements_covered_display": "57", "num_branches": 2, "num_partial_branches": 0, "covered_branches": 0, "missing_branches": 2, "percent_branches_covered": 0.0, "percent_branches_covered_display": "0"}, "missing_lines": [250, 251, 253, 254, 255, 256, 258, 259, 265, 266, 267, 268, 278, 287, 288, 289, 290, 291, 292, 293, 294, 295, 296, 297], "excluded_lines": [23, 25, 26, 28, 30, 32, 33, 34, 36, 37], "start_line": 1, "executed_branches": [], "missing_branches": [[265, 266], [265, 267]]}}}}, "totals": {"covered_lines": 1499, "num_statements": 1723, "percent_covered": 83.67816091954023, "percent_covered_display": "84", "missing_lines": 224, "excluded_lines": 22, "percent_statements_covered": 86.99941961694718, "percent_statements_covered_display": "87", "num_branches": 452, "num_partial_branches": 85, "covered_branches": 321, "missing_branches": 131, "percent_branches_covered": 71.01769911504425, "percent_branches_covered_display": "71"}}